Warning[205] D:\MPLABPROJECTS\LAB6.X\BONUS.ASM 1 : Found directive in column 1. (LIST)
Warning[207] D:\MPLABPROJECTS\LAB6.X\BONUS.ASM 7 : Found label after column 1. (L1)
Warning[207] D:\MPLABPROJECTS\LAB6.X\BONUS.ASM 8 : Found label after column 1. (L2)
Warning[205] D:\MPLABPROJECTS\LAB6.X\BONUS.ASM 38 : Found directive in column 1. (endm)
Warning[203] D:\MPLABPROJECTS\LAB6.X\BONUS.ASM 43 : Found opcode in column 1. (MOVLW)
Warning[203] D:\MPLABPROJECTS\LAB6.X\BONUS.ASM 44 : Found opcode in column 1. (MOVWF)
Warning[203] D:\MPLABPROJECTS\LAB6.X\BONUS.ASM 45 : Found opcode in column 1. (CLRF)
Warning[203] D:\MPLABPROJECTS\LAB6.X\BONUS.ASM 46 : Found opcode in column 1. (BSF)
Warning[203] D:\MPLABPROJECTS\LAB6.X\BONUS.ASM 47 : Found opcode in column 1. (CLRF)
Warning[203] D:\MPLABPROJECTS\LAB6.X\BONUS.ASM 48 : Found opcode in column 1. (BCF)
Warning[203] D:\MPLABPROJECTS\LAB6.X\BONUS.ASM 49 : Found opcode in column 1. (BCF)
Warning[203] D:\MPLABPROJECTS\LAB6.X\BONUS.ASM 50 : Found opcode in column 1. (BCF)
Warning[203] D:\MPLABPROJECTS\LAB6.X\BONUS.ASM 51 : Found opcode in column 1. (BCF)
Warning[207] D:\MPLABPROJECTS\LAB6.X\BONUS.ASM 19 : Found label after column 1. (LOOP2)
Warning[207] D:\MPLABPROJECTS\LAB6.X\BONUS.ASM 22 : Found label after column 1. (LOOP1)
Warning[207] D:\MPLABPROJECTS\LAB6.X\BONUS.ASM 19 : Found label after column 1. (LOOP2)
Warning[207] D:\MPLABPROJECTS\LAB6.X\BONUS.ASM 22 : Found label after column 1. (LOOP1)
Warning[207] D:\MPLABPROJECTS\LAB6.X\BONUS.ASM 19 : Found label after column 1. (LOOP2)
Warning[207] D:\MPLABPROJECTS\LAB6.X\BONUS.ASM 22 : Found label after column 1. (LOOP1)
Warning[207] D:\MPLABPROJECTS\LAB6.X\BONUS.ASM 19 : Found label after column 1. (LOOP2)
Warning[207] D:\MPLABPROJECTS\LAB6.X\BONUS.ASM 22 : Found label after column 1. (LOOP1)
Warning[207] D:\MPLABPROJECTS\LAB6.X\BONUS.ASM 19 : Found label after column 1. (LOOP2)
Warning[207] D:\MPLABPROJECTS\LAB6.X\BONUS.ASM 22 : Found label after column 1. (LOOP1)
Warning[207] D:\MPLABPROJECTS\LAB6.X\BONUS.ASM 19 : Found label after column 1. (LOOP2)
Warning[207] D:\MPLABPROJECTS\LAB6.X\BONUS.ASM 22 : Found label after column 1. (LOOP1)
Warning[207] D:\MPLABPROJECTS\LAB6.X\BONUS.ASM 19 : Found label after column 1. (LOOP2)
Warning[207] D:\MPLABPROJECTS\LAB6.X\BONUS.ASM 22 : Found label after column 1. (LOOP1)
Warning[207] D:\MPLABPROJECTS\LAB6.X\BONUS.ASM 19 : Found label after column 1. (LOOP2)
Warning[207] D:\MPLABPROJECTS\LAB6.X\BONUS.ASM 22 : Found label after column 1. (LOOP1)
Warning[207] D:\MPLABPROJECTS\LAB6.X\BONUS.ASM 19 : Found label after column 1. (LOOP2)
Warning[207] D:\MPLABPROJECTS\LAB6.X\BONUS.ASM 22 : Found label after column 1. (LOOP1)
Warning[205] D:\MPLABPROJECTS\LAB6.X\BONUS.ASM 110 : Found directive in column 1. (end)
