

Microchip MPLAB XC8 Assembler V2.45 build 20230818022343 
                                                                                               Thu Jan 04 19:34:33 2024

Microchip MPLAB XC8 C Compiler v2.45 (Free license) build 20230818022343 Og1 
     1                           	processor	18F4520
     2                           	fnconf	rparam,??,?,0
     3                           	pagewidth 120
     4                           	opt	flic
     5                           	psect	idataCOMRAM,global,class=CODE,delta=1,noexec
     6                           	psect	cinit,global,reloc=2,class=CODE,delta=1
     7                           	psect	dataCOMRAM,global,class=COMRAM,space=1,delta=1,lowdata,noexec
     8                           	psect	cstackCOMRAM,global,class=COMRAM,space=1,delta=1,lowdata,noexec
     9                           	psect	text0,global,reloc=2,class=CODE,delta=1
    10                           	psect	intcode,global,reloc=2,class=CODE,delta=1
    11                           	psect	intcode_body,global,reloc=2,class=CODE,delta=1
    12                           	psect	smallconst,global,reloc=2,class=SMALLCONST,delta=1,noexec
    13                           	psect	intsave_regs,global,class=BIGRAM,space=1,delta=1,noexec
    14                           	psect	rparam,global,class=COMRAM,space=1,delta=1,noexec
    15                           	psect	temp,global,ovrld,common,class=COMRAM,space=1,delta=1
    16                           	psect	idloc,global,abs,ovrld,class=IDLOC,space=5,delta=1,noexec
    17                           	psect	config,global,abs,ovrld,class=CONFIG,space=4,delta=1,noexec
    18   000000                     
    19                           ; Generated 18/08/2023 GMT
    20                           ; 
    21                           ; Copyright © 2023, Microchip Technology Inc. and its subsidiaries ("Microchip")
    22                           ; All rights reserved.
    23                           ; 
    24                           ; This software is developed by Microchip Technology Inc. and its subsidiaries ("Microch
      +                          ip").
    25                           ; 
    26                           ; Redistribution and use in source and binary forms, with or without modification, are
    27                           ; permitted provided that the following conditions are met:
    28                           ; 
    29                           ;     1. Redistributions of source code must retain the above copyright notice, this lis
      +                          t of
    30                           ;        conditions and the following disclaimer.
    31                           ; 
    32                           ;     2. Redistributions in binary form must reproduce the above copyright notice, this 
      +                          list
    33                           ;        of conditions and the following disclaimer in the documentation and/or other
    34                           ;        materials provided with the distribution. Publication is not required when
    35                           ;        this file is used in an embedded application.
    36                           ; 
    37                           ;     3. Microchip's name may not be used to endorse or promote products derived from th
      +                          is
    38                           ;        software without specific prior written permission.
    39                           ; 
    40                           ; THIS SOFTWARE IS PROVIDED BY MICROCHIP "AS IS" AND ANY EXPRESS OR IMPLIED WARRANTIES,
    41                           ; INCLUDING, BUT NOT LIMITED TO, THE IMPLIED WARRANTIES OF MERCHANTABILITY AND FITNESS F
      +                          OR
    42                           ; PURPOSE ARE DISCLAIMED.  IN NO EVENT SHALL MICROCHIP BE LIABLE FOR ANY DIRECT, INDIREC
      +                          T,
    43                           ; INCIDENTAL, SPECIAL, EXEMPLARY, OR CONSEQUENTIAL DAMAGES (INCLUDING BUT NOT LIMITED TO
    44                           ; PROCUREMENT OF SUBSTITUTE GOODS OR SERVICES; LOSS OF USE, DATA OR PROFITS; OR BUSINESS
    45                           ; INTERRUPTION) HOWSOEVER CAUSED AND ON ANY THEORY OF LIABILITY, WHETHER IN CONTRACT, ST
      +                          RICT
    46                           ; LIABILITY, OR TORT (INCLUDING NEGLIGENCE OR OTHERWISE) ARISING IN ANY WAY OUT OF THE U
      +                          SE OF
    47                           ; THIS SOFTWARE, EVEN IF ADVISED OF THE POSSIBILITY OF SUCH DAMAGE.
    48                           ; 
    49                           ; 
    50                           ; Code-generator required, PIC18F4520 Definitions
    51                           ; 
    52                           ; SFR Addresses
    53   000000                     
    54                           	psect	idataCOMRAM
    55   000704                     __pidataCOMRAM:
    56                           	callstack 0
    57                           
    58                           ;initializer for _STATE
    59   000704  0001               	dw	1
    60   000000                     _LATC	set	3979
    61   000000                     _TRISC	set	3988
    62   000000                     _CCP1CONbits	set	4029
    63   000000                     _CCPR1L	set	4030
    64   000000                     _INTCONbits	set	4082
    65   000000                     _ADCON1	set	4033
    66   000000                     _T2CONbits	set	4042
    67   000000                     _RCONbits	set	4048
    68   000000                     _PR2	set	4043
    69   000000                     _OSCCONbits	set	4051
    70   000000                     _TRISB	set	3987
    71                           
    72                           ; #config settings
    73                           
    74                           	psect	cinit
    75   0006E2                     __pcinit:
    76                           	callstack 0
    77   0006E2                     start_initialization:
    78                           	callstack 0
    79   0006E2                     __initialization:
    80                           	callstack 0
    81                           
    82                           ; Initialize objects allocated to COMRAM (2 bytes)
    83                           ; load TBLPTR registers with __pidataCOMRAM
    84   0006E2  0E04               	movlw	low __pidataCOMRAM
    85   0006E4  6EF6               	movwf	tblptrl,c
    86   0006E6  0E07               	movlw	high __pidataCOMRAM
    87   0006E8  6EF7               	movwf	tblptrh,c
    88   0006EA  0E00               	movlw	low (__pidataCOMRAM shr (0+16))
    89   0006EC  6EF8               	movwf	tblptru,c
    90   0006EE  0009               	tblrd		*+	;fetch initializer
    91   0006F0  CFF5 F001          	movff	tablat,__pdataCOMRAM
    92   0006F4  0009               	tblrd		*+	;fetch initializer
    93   0006F6  CFF5 F002          	movff	tablat,__pdataCOMRAM+1
    94   0006FA                     end_of_initialization:
    95                           	callstack 0
    96   0006FA                     __end_of__initialization:
    97                           	callstack 0
    98   0006FA  9003               	bcf	int$flags,0,c	;clear compiler interrupt flag (level 1)
    99   0006FC  9203               	bcf	int$flags,1,c	;clear compiler interrupt flag (level 2)
   100   0006FE  0100               	movlb	0
   101   000700  EF4C  F003         	goto	_main	;jump to C main() function
   102                           
   103                           	psect	dataCOMRAM
   104   000001                     __pdataCOMRAM:
   105                           	callstack 0
   106   000001                     _STATE:
   107                           	callstack 0
   108   000001                     	ds	2
   109                           
   110                           	psect	cstackCOMRAM
   111   000000                     __pcstackCOMRAM:
   112                           	callstack 0
   113   000000                     
   114                           ; 1 bytes @ 0x0
   115 ;;
   116 ;;Main: autosize = 0, tempsize = 0, incstack = 0, save=0
   117 ;;
   118 ;; *************** function _main *****************
   119 ;; Defined at:
   120 ;;		line 36 in file "basic.c"
   121 ;; Parameters:    Size  Location     Type
   122 ;;		None
   123 ;; Auto vars:     Size  Location     Type
   124 ;;		None
   125 ;; Return value:  Size  Location     Type
   126 ;;                  1    wreg      void 
   127 ;; Registers used:
   128 ;;		wreg, status,2
   129 ;; Tracked objects:
   130 ;;		On entry : 0/0
   131 ;;		On exit  : 0/0
   132 ;;		Unchanged: 0/0
   133 ;; Data sizes:     COMRAM   BANK0   BANK1   BANK2   BANK3   BANK4   BANK5
   134 ;;      Params:         0       0       0       0       0       0       0
   135 ;;      Locals:         0       0       0       0       0       0       0
   136 ;;      Temps:          0       0       0       0       0       0       0
   137 ;;      Totals:         0       0       0       0       0       0       0
   138 ;;Total ram usage:        0 bytes
   139 ;; Hardware stack levels required when called: 1
   140 ;; This function calls:
   141 ;;		Nothing
   142 ;; This function is called by:
   143 ;;		Startup code after reset
   144 ;; This function uses a non-reentrant model
   145 ;;
   146                           
   147                           	psect	text0
   148   000698                     __ptext0:
   149                           	callstack 0
   150   000698                     _main:
   151                           	callstack 30
   152   000698                     
   153                           ;basic.c: 40: 
   154   000698  84CA               	bsf	202,2,c	;volatile
   155   00069A                     
   156                           ;basic.c: 41: 
   157   00069A  50CA               	movf	202,w,c	;volatile
   158   00069C  0BFC               	andlw	-4
   159   00069E  0901               	iorlw	1
   160   0006A0  6ECA               	movwf	202,c	;volatile
   161                           
   162                           ;basic.c: 43: 
   163   0006A2  50D3               	movf	211,w,c	;volatile
   164   0006A4  0B8F               	andlw	-113
   165   0006A6  0910               	iorlw	16
   166   0006A8  6ED3               	movwf	211,c	;volatile
   167                           
   168                           ;basic.c: 45: 
   169   0006AA  50BD               	movf	189,w,c	;volatile
   170   0006AC  0BF0               	andlw	-16
   171   0006AE  090C               	iorlw	12
   172   0006B0  6EBD               	movwf	189,c	;volatile
   173                           
   174                           ;basic.c: 47: 
   175   0006B2  0E00               	movlw	0
   176   0006B4  6E94               	movwf	148,c	;volatile
   177                           
   178                           ;basic.c: 48: 
   179   0006B6  0E00               	movlw	0
   180   0006B8  6E8B               	movwf	139,c	;volatile
   181                           
   182                           ;basic.c: 56:     INTCONbits.GIE = 1;
   183   0006BA  0E9B               	movlw	155
   184   0006BC  6ECB               	movwf	203,c	;volatile
   185   0006BE  0E08               	movlw	8
   186   0006C0  6EBE               	movwf	190,c	;volatile
   187   0006C2  50BD               	movf	189,w,c	;volatile
   188   0006C4  0BCF               	andlw	-49
   189   0006C6  0910               	iorlw	16
   190   0006C8  6EBD               	movwf	189,c	;volatile
   191   0006CA  0E01               	movlw	1
   192   0006CC  6E93               	movwf	147,c	;volatile
   193   0006CE  9ED0               	bcf	208,7,c	;volatile
   194   0006D0  92F2               	bcf	242,1,c	;volatile
   195   0006D2  8EF2               	bsf	242,7,c	;volatile
   196   0006D4  88F2               	bsf	242,4,c	;volatile
   197   0006D6  0E0F               	movlw	15
   198   0006D8  6EC1               	movwf	193,c	;volatile
   199   0006DA                     l41:
   200   0006DA  EF6D  F003         	goto	l41
   201   0006DE  EF07  F000         	goto	start
   202   0006E2                     __end_of_main:
   203                           	callstack 0
   204                           
   205 ;; *************** function _ISR *****************
   206 ;; Defined at:
   207 ;;		line 14 in file "basic.c"
   208 ;; Parameters:    Size  Location     Type
   209 ;;		None
   210 ;; Auto vars:     Size  Location     Type
   211 ;;		None
   212 ;; Return value:  Size  Location     Type
   213 ;;                  1    wreg      void 
   214 ;; Registers used:
   215 ;;		wreg, status,2, status,0
   216 ;; Tracked objects:
   217 ;;		On entry : 0/0
   218 ;;		On exit  : 0/0
   219 ;;		Unchanged: 0/0
   220 ;; Data sizes:     COMRAM   BANK0   BANK1   BANK2   BANK3   BANK4   BANK5
   221 ;;      Params:         0       0       0       0       0       0       0
   222 ;;      Locals:         0       0       0       0       0       0       0
   223 ;;      Temps:          0       0       0       0       0       0       0
   224 ;;      Totals:         0       0       0       0       0       0       0
   225 ;;Total ram usage:        0 bytes
   226 ;; Hardware stack levels used: 1
   227 ;; This function calls:
   228 ;;		Nothing
   229 ;; This function is called by:
   230 ;;		Interrupt level 2
   231 ;; This function uses a non-reentrant model
   232 ;;
   233                           
   234                           	psect	intcode
   235   000008                     __pintcode:
   236                           	callstack 0
   237   000008                     _ISR:
   238                           	callstack 30
   239                           
   240                           ;incstack = 0
   241   000008  8203               	bsf	int$flags,1,c	;set compiler interrupt flag (level 2)
   242   00000A  ED01  F003         	call	int_func,f	;refresh shadow registers
   243                           
   244                           	psect	intcode_body
   245   000602                     __pintcode_body:
   246                           	callstack 30
   247   000602                     int_func:
   248                           	callstack 30
   249   000602  0006               	pop		; remove dummy address from shadow register refresh
   250   000604                     
   251                           ;basic.c: 15:     else if(STATE == 4){
   252   000604  0401               	decf	_STATE^0,w,c
   253   000606  1002               	iorwf	(_STATE+1)^0,w,c
   254   000608  A4D8               	btfss	status,2,c
   255   00060A  EF09  F003         	goto	i2u1_41
   256   00060E  EF0B  F003         	goto	i2u1_40
   257   000612                     i2u1_41:
   258   000612  EF13  F003         	goto	i2l724
   259   000616                     i2u1_40:
   260   000616                     
   261                           ;basic.c: 16:         CCPR1L = 0x08;
   262   000616  0E0B               	movlw	11
   263   000618  6EBE               	movwf	190,c	;volatile
   264                           
   265                           ;basic.c: 17:         STATE = 1;
   266   00061A  0E00               	movlw	0
   267   00061C  6E02               	movwf	(_STATE+1)^0,c
   268   00061E  0E02               	movlw	2
   269   000620  6E01               	movwf	_STATE^0,c
   270                           
   271                           ;basic.c: 18:     }
   272   000622  EF49  F003         	goto	i2l736
   273   000626                     i2l724:
   274   000626  0E02               	movlw	2
   275   000628  1801               	xorwf	_STATE^0,w,c
   276   00062A  1002               	iorwf	(_STATE+1)^0,w,c
   277   00062C  A4D8               	btfss	status,2,c
   278   00062E  EF1B  F003         	goto	i2u2_41
   279   000632  EF1D  F003         	goto	i2u2_40
   280   000636                     i2u2_41:
   281   000636  EF25  F003         	goto	i2l728
   282   00063A                     i2u2_40:
   283   00063A                     
   284                           ;basic.c: 20:     return;
   285   00063A  0E0F               	movlw	15
   286   00063C  6EBE               	movwf	190,c	;volatile
   287                           
   288                           ;basic.c: 21: }
   289   00063E  0E00               	movlw	0
   290   000640  6E02               	movwf	(_STATE+1)^0,c
   291   000642  0E03               	movlw	3
   292   000644  6E01               	movwf	_STATE^0,c
   293                           
   294                           ;basic.c: 22: 
   295   000646  EF49  F003         	goto	i2l736
   296   00064A                     i2l728:
   297   00064A  0E03               	movlw	3
   298   00064C  1801               	xorwf	_STATE^0,w,c
   299   00064E  1002               	iorwf	(_STATE+1)^0,w,c
   300   000650  A4D8               	btfss	status,2,c
   301   000652  EF2D  F003         	goto	i2u3_41
   302   000656  EF2F  F003         	goto	i2u3_40
   303   00065A                     i2u3_41:
   304   00065A  EF37  F003         	goto	i2l732
   305   00065E                     i2u3_40:
   306   00065E                     
   307                           ;basic.c: 24: void main(void)
   308   00065E  0E0B               	movlw	11
   309   000660  6EBE               	movwf	190,c	;volatile
   310                           
   311                           ;basic.c: 25: {
   312   000662  0E00               	movlw	0
   313   000664  6E02               	movwf	(_STATE+1)^0,c
   314   000666  0E04               	movlw	4
   315   000668  6E01               	movwf	_STATE^0,c
   316                           
   317                           ;basic.c: 26: 
   318   00066A  EF49  F003         	goto	i2l736
   319   00066E                     i2l732:
   320   00066E  0E04               	movlw	4
   321   000670  1801               	xorwf	_STATE^0,w,c
   322   000672  1002               	iorwf	(_STATE+1)^0,w,c
   323   000674  A4D8               	btfss	status,2,c
   324   000676  EF3F  F003         	goto	i2u4_41
   325   00067A  EF41  F003         	goto	i2u4_40
   326   00067E                     i2u4_41:
   327   00067E  EF49  F003         	goto	i2l32
   328   000682                     i2u4_40:
   329   000682                     
   330                           ;basic.c: 28:     T2CONbits.TMR2ON = 0b1;
   331   000682  0E08               	movlw	8
   332   000684  6EBE               	movwf	190,c	;volatile
   333                           
   334                           ;basic.c: 29:     T2CONbits.T2CKPS = 0b01;
   335   000686  0E00               	movlw	0
   336   000688  6E02               	movwf	(_STATE+1)^0,c
   337   00068A  0E01               	movlw	1
   338   00068C  6E01               	movwf	_STATE^0,c
   339   00068E  EF49  F003         	goto	i2l736
   340   000692                     i2l32:
   341   000692                     i2l736:
   342                           
   343                           ;basic.c: 31:     OSCCONbits.IRCF = 0b001;
   344   000692  92F2               	bcf	242,1,c	;volatile
   345   000694  9203               	bcf	int$flags,1,c	;clear compiler interrupt flag (level 2)
   346   000696  0011               	retfie		f
   347   000698                     __end_of_ISR:
   348                           	callstack 0
   349                           
   350                           	psect	smallconst
   351   000600                     __psmallconst:
   352                           	callstack 0
   353   000600  00                 	db	0
   354   000601  00                 	db	0	; dummy byte at the end
   355   000000                     
   356                           	psect	rparam
   357   000000                     
   358                           	psect	temp
   359   000003                     btemp:
   360                           	callstack 0
   361   000003                     	ds	1
   362   000000                     int$flags	set	btemp
   363   000000                     wtemp8	set	btemp+1
   364   000000                     ttemp5	set	btemp+1
   365   000000                     ttemp6	set	btemp+4
   366   000000                     ttemp7	set	btemp+8
   367                           
   368                           	psect	idloc
   369                           
   370                           ;Config register IDLOC0 @ 0x200000
   371                           ;	unspecified, using default values
   372   200000                     	org	2097152
   373   200000  FF                 	db	255
   374                           
   375                           ;Config register IDLOC1 @ 0x200001
   376                           ;	unspecified, using default values
   377   200001                     	org	2097153
   378   200001  FF                 	db	255
   379                           
   380                           ;Config register IDLOC2 @ 0x200002
   381                           ;	unspecified, using default values
   382   200002                     	org	2097154
   383   200002  FF                 	db	255
   384                           
   385                           ;Config register IDLOC3 @ 0x200003
   386                           ;	unspecified, using default values
   387   200003                     	org	2097155
   388   200003  FF                 	db	255
   389                           
   390                           ;Config register IDLOC4 @ 0x200004
   391                           ;	unspecified, using default values
   392   200004                     	org	2097156
   393   200004  FF                 	db	255
   394                           
   395                           ;Config register IDLOC5 @ 0x200005
   396                           ;	unspecified, using default values
   397   200005                     	org	2097157
   398   200005  FF                 	db	255
   399                           
   400                           ;Config register IDLOC6 @ 0x200006
   401                           ;	unspecified, using default values
   402   200006                     	org	2097158
   403   200006  FF                 	db	255
   404                           
   405                           ;Config register IDLOC7 @ 0x200007
   406                           ;	unspecified, using default values
   407   200007                     	org	2097159
   408   200007  FF                 	db	255
   409                           
   410                           	psect	config
   411                           
   412                           ; Padding undefined space
   413   300000                     	org	3145728
   414   300000  FF                 	db	255
   415                           
   416                           ;Config register CONFIG1H @ 0x300001
   417                           ;	Oscillator Selection bits
   418                           ;	OSC = INTIO67, Internal oscillator block, port function on RA6 and RA7
   419                           ;	Fail-Safe Clock Monitor Enable bit
   420                           ;	FCMEN = 0x0, unprogrammed default
   421                           ;	Internal/External Oscillator Switchover bit
   422                           ;	IESO = 0x0, unprogrammed default
   423   300001                     	org	3145729
   424   300001  08                 	db	8
   425                           
   426                           ;Config register CONFIG2L @ 0x300002
   427                           ;	Power-up Timer Enable bit
   428                           ;	PWRT = OFF, PWRT disabled
   429                           ;	Brown-out Reset Enable bits
   430                           ;	BOREN = ON, Brown-out Reset enabled and controlled by software (SBOREN is enabled)
   431                           ;	Brown Out Reset Voltage bits
   432                           ;	BORV = 0x3, unprogrammed default
   433   300002                     	org	3145730
   434   300002  1B                 	db	27
   435                           
   436                           ;Config register CONFIG2H @ 0x300003
   437                           ;	Watchdog Timer Enable bit
   438                           ;	WDT = OFF, WDT disabled (control is placed on the SWDTEN bit)
   439                           ;	Watchdog Timer Postscale Select bits
   440                           ;	WDTPS = 0xF, unprogrammed default
   441   300003                     	org	3145731
   442   300003  1E                 	db	30
   443                           
   444                           ; Padding undefined space
   445   300004                     	org	3145732
   446   300004  FF                 	db	255
   447                           
   448                           ;Config register CONFIG3H @ 0x300005
   449                           ;	CCP2 MUX bit
   450                           ;	CCP2MX = 0x1, unprogrammed default
   451                           ;	PORTB A/D Enable bit
   452                           ;	PBADEN = OFF, PORTB<4:0> pins are configured as digital I/O on Reset
   453                           ;	Low-Power Timer1 Oscillator Enable bit
   454                           ;	LPT1OSC = 0x0, unprogrammed default
   455                           ;	MCLR Pin Enable bit
   456                           ;	MCLRE = 0x1, unprogrammed default
   457   300005                     	org	3145733
   458   300005  81                 	db	129
   459                           
   460                           ;Config register CONFIG4L @ 0x300006
   461                           ;	Stack Full/Underflow Reset Enable bit
   462                           ;	STVREN = 0x1, unprogrammed default
   463                           ;	Single-Supply ICSP Enable bit
   464                           ;	LVP = OFF, Single-Supply ICSP disabled
   465                           ;	Extended Instruction Set Enable bit
   466                           ;	XINST = 0x0, unprogrammed default
   467                           ;	Background Debugger Enable bit
   468                           ;	DEBUG = 0x1, unprogrammed default
   469   300006                     	org	3145734
   470   300006  81                 	db	129
   471                           
   472                           ; Padding undefined space
   473   300007                     	org	3145735
   474   300007  FF                 	db	255
   475                           
   476                           ;Config register CONFIG5L @ 0x300008
   477                           ;	unspecified, using default values
   478                           ;	Code Protection bit
   479                           ;	CP0 = 0x1, unprogrammed default
   480                           ;	Code Protection bit
   481                           ;	CP1 = 0x1, unprogrammed default
   482                           ;	Code Protection bit
   483                           ;	CP2 = 0x1, unprogrammed default
   484                           ;	Code Protection bit
   485                           ;	CP3 = 0x1, unprogrammed default
   486   300008                     	org	3145736
   487   300008  0F                 	db	15
   488                           
   489                           ;Config register CONFIG5H @ 0x300009
   490                           ;	Boot Block Code Protection bit
   491                           ;	CPB = 0x1, unprogrammed default
   492                           ;	Data EEPROM Code Protection bit
   493                           ;	CPD = OFF, Data EEPROM not code-protected
   494   300009                     	org	3145737
   495   300009  C0                 	db	192
   496                           
   497                           ;Config register CONFIG6L @ 0x30000A
   498                           ;	unspecified, using default values
   499                           ;	Write Protection bit
   500                           ;	WRT0 = 0x1, unprogrammed default
   501                           ;	Write Protection bit
   502                           ;	WRT1 = 0x1, unprogrammed default
   503                           ;	Write Protection bit
   504                           ;	WRT2 = 0x1, unprogrammed default
   505                           ;	Write Protection bit
   506                           ;	WRT3 = 0x1, unprogrammed default
   507   30000A                     	org	3145738
   508   30000A  0F                 	db	15
   509                           
   510                           ;Config register CONFIG6H @ 0x30000B
   511                           ;	unspecified, using default values
   512                           ;	Configuration Register Write Protection bit
   513                           ;	WRTC = 0x1, unprogrammed default
   514                           ;	Boot Block Write Protection bit
   515                           ;	WRTB = 0x1, unprogrammed default
   516                           ;	Data EEPROM Write Protection bit
   517                           ;	WRTD = 0x1, unprogrammed default
   518   30000B                     	org	3145739
   519   30000B  E0                 	db	224
   520                           
   521                           ;Config register CONFIG7L @ 0x30000C
   522                           ;	unspecified, using default values
   523                           ;	Table Read Protection bit
   524                           ;	EBTR0 = 0x1, unprogrammed default
   525                           ;	Table Read Protection bit
   526                           ;	EBTR1 = 0x1, unprogrammed default
   527                           ;	Table Read Protection bit
   528                           ;	EBTR2 = 0x1, unprogrammed default
   529                           ;	Table Read Protection bit
   530                           ;	EBTR3 = 0x1, unprogrammed default
   531   30000C                     	org	3145740
   532   30000C  0F                 	db	15
   533                           
   534                           ;Config register CONFIG7H @ 0x30000D
   535                           ;	unspecified, using default values
   536                           ;	Boot Block Table Read Protection bit
   537                           ;	EBTRB = 0x1, unprogrammed default
   538   30000D                     	org	3145741
   539   30000D  40                 	db	64
   540                           tosu	equ	0xFFF
   541                           tosh	equ	0xFFE
   542                           tosl	equ	0xFFD
   543                           stkptr	equ	0xFFC
   544                           pclatu	equ	0xFFB
   545                           pclath	equ	0xFFA
   546                           pcl	equ	0xFF9
   547                           tblptru	equ	0xFF8
   548                           tblptrh	equ	0xFF7
   549                           tblptrl	equ	0xFF6
   550                           tablat	equ	0xFF5
   551                           prodh	equ	0xFF4
   552                           prodl	equ	0xFF3
   553                           indf0	equ	0xFEF
   554                           postinc0	equ	0xFEE
   555                           postdec0	equ	0xFED
   556                           preinc0	equ	0xFEC
   557                           plusw0	equ	0xFEB
   558                           fsr0h	equ	0xFEA
   559                           fsr0l	equ	0xFE9
   560                           wreg	equ	0xFE8
   561                           indf1	equ	0xFE7
   562                           postinc1	equ	0xFE6
   563                           postdec1	equ	0xFE5
   564                           preinc1	equ	0xFE4
   565                           plusw1	equ	0xFE3
   566                           fsr1h	equ	0xFE2
   567                           fsr1l	equ	0xFE1
   568                           bsr	equ	0xFE0
   569                           indf2	equ	0xFDF
   570                           postinc2	equ	0xFDE
   571                           postdec2	equ	0xFDD
   572                           preinc2	equ	0xFDC
   573                           plusw2	equ	0xFDB
   574                           fsr2h	equ	0xFDA
   575                           fsr2l	equ	0xFD9
   576                           status	equ	0xFD8

Data Sizes:
    Strings     0
    Constant    0
    Data        2
    BSS         0
    Persistent  0
    Stack       0

Auto Spaces:
    Space          Size  Autos    Used
    COMRAM          126      0       2
    BANK0           128      0       0
    BANK1           256      0       0
    BANK2           256      0       0
    BANK3           256      0       0
    BANK4           256      0       0
    BANK5           244      0       0

Pointer List with Targets:

    None.

Critical Paths under _main in COMRAM

    None.

Critical Paths under _ISR in COMRAM

    None.

Critical Paths under _main in BANK0

    None.

Critical Paths under _ISR in BANK0

    None.

Critical Paths under _main in BANK1

    None.

Critical Paths under _ISR in BANK1

    None.

Critical Paths under _main in BANK2

    None.

Critical Paths under _ISR in BANK2

    None.

Critical Paths under _main in BANK3

    None.

Critical Paths under _ISR in BANK3

    None.

Critical Paths under _main in BANK4

    None.

Critical Paths under _ISR in BANK4

    None.

Critical Paths under _main in BANK5

    None.

Critical Paths under _ISR in BANK5

    None.

Call Graph Tables:

 ---------------------------------------------------------------------------------
 (Depth) Function   	        Calls       Base Space   Used Autos Params    Refs
 ---------------------------------------------------------------------------------
 (0) _main                                                 0     0      0       0
 ---------------------------------------------------------------------------------
 Estimated maximum stack depth 0
 ---------------------------------------------------------------------------------
 (Depth) Function   	        Calls       Base Space   Used Autos Params    Refs
 ---------------------------------------------------------------------------------
 (1) _ISR                                                  0     0      0       0
 ---------------------------------------------------------------------------------
 Estimated maximum stack depth 1
 ---------------------------------------------------------------------------------

 Call Graph Graphs:

 _main (ROOT)

 _ISR (ROOT)

 Address spaces:
Name               Size   Autos  Total    Cost      Usage
BIGRAM             5F3      0       0      29        0.0%
EEDATA             100      0       0       0        0.0%
BITBANK4           100      0       0      11        0.0%
BANK4              100      0       0      12        0.0%
BITBANK3           100      0       0       9        0.0%
BANK3              100      0       0      10        0.0%
BITBANK2           100      0       0       7        0.0%
BANK2              100      0       0       8        0.0%
BITBANK1           100      0       0       5        0.0%
BANK1              100      0       0       6        0.0%
BITBANK5            F4      0       0      13        0.0%
BANK5               F4      0       0      14        0.0%
BITBANK0            80      0       0       3        0.0%
BANK0               80      0       0       4        0.0%
BITCOMRAM           7E      0       0       0        0.0%
COMRAM              7E      0       2       1        1.6%
BITBIGSFR_1l        20      0       0      24        0.0%
BITBIGSFRll          B      0       0      27        0.0%
BITBIGSFR_5h         A      0       0      15        0.0%
BITBIGSFR_1hlh       8      0       0      22        0.0%
BITBIGSFRlh          7      0       0      26        0.0%
BITBIGSFRh           7      0       0      25        0.0%
BITBIGSFR_2          6      0       0      19        0.0%
BITBIGSFR_1hhl       4      0       0      21        0.0%
BITBIGSFR_4          3      0       0      17        0.0%
BITBIGSFR_3          3      0       0      18        0.0%
BITBIGSFR_1hhh       2      0       0      20        0.0%
BITBIGSFR_1hll       2      0       0      23        0.0%
BITBIGSFR_5l         2      0       0      16        0.0%
BIGSFR_5             0      0       0     200        0.0%
BIGSFR_4             0      0       0     200        0.0%
BIGSFR_3             0      0       0     200        0.0%
BIGSFR_2             0      0       0     200        0.0%
BIGSFR_1             0      0       0     200        0.0%
BIGSFR               0      0       0     200        0.0%
BITSFR_5             0      0       0     200        0.0%
SFR_5                0      0       0     200        0.0%
BITSFR_4             0      0       0     200        0.0%
SFR_4                0      0       0     200        0.0%
BITSFR_3             0      0       0     200        0.0%
SFR_3                0      0       0     200        0.0%
BITSFR_2             0      0       0     200        0.0%
SFR_2                0      0       0     200        0.0%
BITSFR_1             0      0       0     200        0.0%
SFR_1                0      0       0     200        0.0%
BITSFR               0      0       0     200        0.0%
SFR                  0      0       0     200        0.0%
STACK                0      0       0       2        0.0%
NULL                 0      0       0       0        0.0%
ABS                  0      0       2      28        0.0%
DATA                 0      0       2      30        0.0%
CODE                 0      0       0       0        0.0%


Microchip Technology PIC18 Macro Assembler V2.45 build 20230818022343 
Symbol Table                                                                                   Thu Jan 04 19:34:33 2024

                     l41 06DA                       l42 06DA                      l740 0698  
                    l750 06D4                      l742 069A                      l744 06CE  
                    l746 06D0                      l748 06D2                      _PR2 0FCB  
                    _ISR 0008                     ?_ISR 0000                     _LATC 0F8B  
                   i2l32 0692                     i2l36 0694                     _main 0698  
                   btemp 0003                     start 000E             ___param_bank 0000  
                  ??_ISR 0000                    ?_main 0000                    i2l720 0604  
                  i2l730 065E                    i2l722 0616                    i2l732 066E  
                  i2l724 0626                    i2l734 0682                    i2l726 063A  
                  i2l728 064A                    i2l736 0692                    _STATE 0001  
                  _TRISB 0F93                    _TRISC 0F94                    tablat 0FF5  
                  ttemp5 0004                    ttemp6 0007                    ttemp7 000B  
                  status 0FD8                    wtemp8 0004          __initialization 06E2  
           __end_of_main 06E2                   ??_main 0000            __activetblptr 0000  
                 _ADCON1 0FC1                   _CCPR1L 0FBE                   i2u1_40 0616  
                 i2u1_41 0612                   i2u2_40 063A                   i2u2_41 0636  
                 i2u3_40 065E                   i2u3_41 065A                   i2u4_40 0682  
                 i2u4_41 067E                   isa$std 0001             __pdataCOMRAM 0001  
           __mediumconst 0000                   tblptrh 0FF7                   tblptrl 0FF6  
                 tblptru 0FF8               __accesstop 0080  __end_of__initialization 06FA  
          ___rparam_used 0001           __pcstackCOMRAM 0000                  __Hparam 0000  
                __Lparam 0000             __psmallconst 0600                  __pcinit 06E2  
                __ramtop 0600                  __ptext0 0698                _T2CONbits 0FCA  
         __pintcode_body 0602     end_of_initialization 06FA                  int_func 0602  
            _CCP1CONbits 0FBD            __pidataCOMRAM 0704      start_initialization 06E2  
            __end_of_ISR 0698                __pintcode 0008              __smallconst 0600  
               _RCONbits 0FD0                 __Hrparam 0000                 __Lrparam 0000  
               isa$xinst 0000                 int$flags 0003               _INTCONbits 0FF2  
               intlevel2 0000               _OSCCONbits 0FD3  
