

Microchip MPLAB XC8 Assembler V2.45 build 20230818022343 
                                                                                               Thu Jan 04 19:56:28 2024

Microchip MPLAB XC8 C Compiler v2.45 (Free license) build 20230818022343 Og1 
     1                           	processor	18F4520
     2                           	fnconf	rparam,??,?,0
     3                           	pagewidth 120
     4                           	opt	flic
     5                           	psect	cinit,global,reloc=2,class=CODE,delta=1
     6                           	psect	cstackCOMRAM,global,class=COMRAM,space=1,delta=1,lowdata,noexec
     7                           	psect	text0,global,reloc=2,class=CODE,delta=1
     8                           	psect	intcode,global,reloc=2,class=CODE,delta=1
     9                           	psect	intcode_body,global,reloc=2,class=CODE,delta=1
    10                           	psect	text2,global,reloc=2,class=CODE,delta=1,group=1
    11                           	psect	smallconst,global,reloc=2,class=SMALLCONST,delta=1,noexec
    12                           	psect	intsave_regs,global,class=BIGRAM,space=1,delta=1,noexec
    13                           	psect	rparam,global,class=COMRAM,space=1,delta=1,noexec
    14                           	psect	temp,global,ovrld,common,class=COMRAM,space=1,delta=1
    15                           	psect	idloc,global,abs,ovrld,class=IDLOC,space=5,delta=1,noexec
    16                           	psect	config,global,abs,ovrld,class=CONFIG,space=4,delta=1,noexec
    17   000000                     
    18                           ; Generated 18/08/2023 GMT
    19                           ; 
    20                           ; Copyright © 2023, Microchip Technology Inc. and its subsidiaries ("Microchip")
    21                           ; All rights reserved.
    22                           ; 
    23                           ; This software is developed by Microchip Technology Inc. and its subsidiaries ("Microch
      +                          ip").
    24                           ; 
    25                           ; Redistribution and use in source and binary forms, with or without modification, are
    26                           ; permitted provided that the following conditions are met:
    27                           ; 
    28                           ;     1. Redistributions of source code must retain the above copyright notice, this lis
      +                          t of
    29                           ;        conditions and the following disclaimer.
    30                           ; 
    31                           ;     2. Redistributions in binary form must reproduce the above copyright notice, this 
      +                          list
    32                           ;        of conditions and the following disclaimer in the documentation and/or other
    33                           ;        materials provided with the distribution. Publication is not required when
    34                           ;        this file is used in an embedded application.
    35                           ; 
    36                           ;     3. Microchip's name may not be used to endorse or promote products derived from th
      +                          is
    37                           ;        software without specific prior written permission.
    38                           ; 
    39                           ; THIS SOFTWARE IS PROVIDED BY MICROCHIP "AS IS" AND ANY EXPRESS OR IMPLIED WARRANTIES,
    40                           ; INCLUDING, BUT NOT LIMITED TO, THE IMPLIED WARRANTIES OF MERCHANTABILITY AND FITNESS F
      +                          OR
    41                           ; PURPOSE ARE DISCLAIMED.  IN NO EVENT SHALL MICROCHIP BE LIABLE FOR ANY DIRECT, INDIREC
      +                          T,
    42                           ; INCIDENTAL, SPECIAL, EXEMPLARY, OR CONSEQUENTIAL DAMAGES (INCLUDING BUT NOT LIMITED TO
    43                           ; PROCUREMENT OF SUBSTITUTE GOODS OR SERVICES; LOSS OF USE, DATA OR PROFITS; OR BUSINESS
    44                           ; INTERRUPTION) HOWSOEVER CAUSED AND ON ANY THEORY OF LIABILITY, WHETHER IN CONTRACT, ST
      +                          RICT
    45                           ; LIABILITY, OR TORT (INCLUDING NEGLIGENCE OR OTHERWISE) ARISING IN ANY WAY OUT OF THE U
      +                          SE OF
    46                           ; THIS SOFTWARE, EVEN IF ADVISED OF THE POSSIBILITY OF SUCH DAMAGE.
    47                           ; 
    48                           ; 
    49                           ; Code-generator required, PIC18F4520 Definitions
    50                           ; 
    51                           ; SFR Addresses
    52   000000                     _PIE1bits	set	3997
    53   000000                     _PIR1bits	set	3998
    54   000000                     _ADRESL	set	4035
    55   000000                     _ADRESH	set	4036
    56   000000                     _PORTB	set	3969
    57   000000                     _INTCONbits	set	4082
    58   000000                     _OSCCONbits	set	4051
    59   000000                     _TRISAbits	set	3986
    60   000000                     _ADCON2bits	set	4032
    61   000000                     _ADCON1bits	set	4033
    62   000000                     _ADCON0bits	set	4034
    63   000000                     _TRISBbits	set	3987
    64                           
    65                           ; #config settings
    66                           
    67                           	psect	cinit
    68   000818                     __pcinit:
    69                           	callstack 0
    70   000818                     start_initialization:
    71                           	callstack 0
    72   000818                     __initialization:
    73                           	callstack 0
    74   000818                     end_of_initialization:
    75                           	callstack 0
    76   000818                     __end_of__initialization:
    77                           	callstack 0
    78   000818  900D               	bcf	int$flags,0,c	;clear compiler interrupt flag (level 1)
    79   00081A  920D               	bcf	int$flags,1,c	;clear compiler interrupt flag (level 2)
    80   00081C  0100               	movlb	0
    81   00081E  EFE6  F003         	goto	_main	;jump to C main() function
    82                           
    83                           	psect	cstackCOMRAM
    84   000001                     __pcstackCOMRAM:
    85                           	callstack 0
    86   000001                     ?___awdiv:
    87                           	callstack 0
    88   000001                     ___awdiv@dividend:
    89                           	callstack 0
    90                           
    91                           ; 2 bytes @ 0x0
    92   000001                     	ds	2
    93   000003                     ___awdiv@divisor:
    94                           	callstack 0
    95                           
    96                           ; 2 bytes @ 0x2
    97   000003                     	ds	2
    98   000005                     ___awdiv@counter:
    99                           	callstack 0
   100                           
   101                           ; 1 bytes @ 0x4
   102   000005                     	ds	1
   103   000006                     ___awdiv@sign:
   104                           	callstack 0
   105                           
   106                           ; 1 bytes @ 0x5
   107   000006                     	ds	1
   108   000007                     ___awdiv@quotient:
   109                           	callstack 0
   110                           
   111                           ; 2 bytes @ 0x6
   112   000007                     	ds	2
   113   000009                     ??_H_ISR:
   114                           
   115                           ; 1 bytes @ 0x8
   116   000009                     	ds	2
   117   00000B                     H_ISR@value:
   118                           	callstack 0
   119                           
   120                           ; 2 bytes @ 0xA
   121   00000B                     	ds	2
   122   00000D                     
   123                           ; 1 bytes @ 0xC
   124 ;;
   125 ;;Main: autosize = 0, tempsize = 0, incstack = 0, save=0
   126 ;;
   127 ;; *************** function _main *****************
   128 ;; Defined at:
   129 ;;		line 40 in file "advance.c"
   130 ;; Parameters:    Size  Location     Type
   131 ;;		None
   132 ;; Auto vars:     Size  Location     Type
   133 ;;		None
   134 ;; Return value:  Size  Location     Type
   135 ;;                  1    wreg      void 
   136 ;; Registers used:
   137 ;;		wreg, status,2
   138 ;; Tracked objects:
   139 ;;		On entry : 0/0
   140 ;;		On exit  : 0/0
   141 ;;		Unchanged: 0/0
   142 ;; Data sizes:     COMRAM   BANK0   BANK1   BANK2   BANK3   BANK4   BANK5
   143 ;;      Params:         0       0       0       0       0       0       0
   144 ;;      Locals:         0       0       0       0       0       0       0
   145 ;;      Temps:          0       0       0       0       0       0       0
   146 ;;      Totals:         0       0       0       0       0       0       0
   147 ;;Total ram usage:        0 bytes
   148 ;; Hardware stack levels required when called: 2
   149 ;; This function calls:
   150 ;;		Nothing
   151 ;; This function is called by:
   152 ;;		Startup code after reset
   153 ;; This function uses a non-reentrant model
   154 ;;
   155                           
   156                           	psect	text0
   157   0007CC                     __ptext0:
   158                           	callstack 0
   159   0007CC                     _main:
   160                           	callstack 29
   161   0007CC                     
   162                           ;advance.c: 43:     ADCON0bits.ADON = 1;
   163   0007CC  50D3               	movf	211,w,c	;volatile
   164   0007CE  0B8F               	andlw	-113
   165   0007D0  0960               	iorlw	96
   166   0007D2  6ED3               	movwf	211,c	;volatile
   167   0007D4                     
   168                           ;advance.c: 44:     ADCON2bits.ADFM = 1;
   169   0007D4  8092               	bsf	146,0,c	;volatile
   170   0007D6                     
   171                           ;advance.c: 45: 
   172   0007D6  9093               	bcf	147,0,c	;volatile
   173   0007D8                     
   174                           ;advance.c: 46: 
   175   0007D8  9293               	bcf	147,1,c	;volatile
   176   0007DA                     
   177                           ;advance.c: 47: 
   178   0007DA  9493               	bcf	147,2,c	;volatile
   179   0007DC                     
   180                           ;advance.c: 48:     PIE1bits.ADIE = 1;
   181   0007DC  9693               	bcf	147,3,c	;volatile
   182                           
   183                           ;advance.c: 49:     PIR1bits.ADIF = 0;
   184   0007DE  0E00               	movlw	0
   185   0007E0  6E81               	movwf	129,c	;volatile
   186   0007E2                     
   187                           ;advance.c: 51:     INTCONbits.GIE = 1;
   188   0007E2  98C1               	bcf	193,4,c	;volatile
   189   0007E4                     
   190                           ;advance.c: 52: 
   191   0007E4  9AC1               	bcf	193,5,c	;volatile
   192                           
   193                           ;advance.c: 53: 
   194   0007E6  50C1               	movf	193,w,c	;volatile
   195   0007E8  0BF0               	andlw	-16
   196   0007EA  090E               	iorlw	14
   197   0007EC  6EC1               	movwf	193,c	;volatile
   198                           
   199                           ;advance.c: 54: 
   200   0007EE  0EC3               	movlw	-61
   201   0007F0  16C2               	andwf	194,f,c	;volatile
   202                           
   203                           ;advance.c: 55:     ADCON0bits.GO = 1;
   204   0007F2  50C0               	movf	192,w,c	;volatile
   205   0007F4  0BF8               	andlw	-8
   206   0007F6  0904               	iorlw	4
   207   0007F8  6EC0               	movwf	192,c	;volatile
   208                           
   209                           ;advance.c: 56: 
   210   0007FA  50C0               	movf	192,w,c	;volatile
   211   0007FC  0BC7               	andlw	-57
   212   0007FE  0910               	iorlw	16
   213   000800  6EC0               	movwf	192,c	;volatile
   214   000802                     
   215                           ;advance.c: 57:     while(1);
   216   000802  80C2               	bsf	194,0,c	;volatile
   217   000804                     
   218                           ;advance.c: 58: 
   219   000804  8EC0               	bsf	192,7,c	;volatile
   220   000806  8C9D               	bsf	157,6,c	;volatile
   221   000808  9C9E               	bcf	158,6,c	;volatile
   222   00080A  8CF2               	bsf	242,6,c	;volatile
   223   00080C  8EF2               	bsf	242,7,c	;volatile
   224   00080E  82C2               	bsf	194,1,c	;volatile
   225   000810                     l50:
   226   000810  EF08  F004         	goto	l50
   227   000814  EF07  F000         	goto	start
   228   000818                     __end_of_main:
   229                           	callstack 0
   230                           
   231 ;; *************** function _H_ISR *****************
   232 ;; Defined at:
   233 ;;		line 16 in file "advance.c"
   234 ;; Parameters:    Size  Location     Type
   235 ;;		None
   236 ;; Auto vars:     Size  Location     Type
   237 ;;  value           2   10[COMRAM] unsigned short 
   238 ;; Return value:  Size  Location     Type
   239 ;;                  1    wreg      void 
   240 ;; Registers used:
   241 ;;		wreg, status,2, status,0, cstack
   242 ;; Tracked objects:
   243 ;;		On entry : 0/0
   244 ;;		On exit  : 0/0
   245 ;;		Unchanged: 0/0
   246 ;; Data sizes:     COMRAM   BANK0   BANK1   BANK2   BANK3   BANK4   BANK5
   247 ;;      Params:         0       0       0       0       0       0       0
   248 ;;      Locals:         2       0       0       0       0       0       0
   249 ;;      Temps:          2       0       0       0       0       0       0
   250 ;;      Totals:         4       0       0       0       0       0       0
   251 ;;Total ram usage:        4 bytes
   252 ;; Hardware stack levels used: 1
   253 ;; Hardware stack levels required when called: 1
   254 ;; This function calls:
   255 ;;		___awdiv
   256 ;; This function is called by:
   257 ;;		Interrupt level 2
   258 ;; This function uses a non-reentrant model
   259 ;;
   260                           
   261                           	psect	intcode
   262   000008                     __pintcode:
   263                           	callstack 0
   264   000008                     _H_ISR:
   265                           	callstack 29
   266                           
   267                           ;incstack = 0
   268   000008  820D               	bsf	int$flags,1,c	;set compiler interrupt flag (level 2)
   269   00000A  ED01  F003         	call	int_func,f	;refresh shadow registers
   270                           
   271                           	psect	intcode_body
   272   000602                     __pintcode_body:
   273                           	callstack 29
   274   000602                     int_func:
   275                           	callstack 29
   276   000602  0006               	pop		; remove dummy address from shadow register refresh
   277   000604                     
   278                           ;advance.c: 19: 
   279   000604  50C3               	movf	195,w,c	;volatile
   280   000606  CFC4 F009          	movff	4036,??_H_ISR	;volatile
   281   00060A  6A0A               	clrf	(??_H_ISR+1)^0,c
   282   00060C  C009  F00A         	movff	??_H_ISR,??_H_ISR+1
   283   000610  6A09               	clrf	??_H_ISR^0,c
   284   000612  1009               	iorwf	??_H_ISR^0,w,c
   285   000614  6E01               	movwf	___awdiv@dividend^0,c
   286   000616  500A               	movf	(??_H_ISR+1)^0,w,c
   287   000618  6E02               	movwf	(___awdiv@dividend+1)^0,c
   288   00061A  0E00               	movlw	0
   289   00061C  6E04               	movwf	(___awdiv@divisor+1)^0,c
   290   00061E  0E80               	movlw	128
   291   000620  6E03               	movwf	___awdiv@divisor^0,c
   292   000622  EC84  F003         	call	___awdiv	;wreg free
   293   000626  C001  F00B         	movff	?___awdiv,H_ISR@value
   294   00062A  C002  F00C         	movff	?___awdiv+1,H_ISR@value+1
   295   00062E                     
   296                           ;advance.c: 22: 
   297   00062E  500C               	movf	(H_ISR@value+1)^0,w,c
   298   000630  E109               	bnz	i2u20_40
   299   000632  0E07               	movlw	7
   300   000634  5C0B               	subwf	H_ISR@value^0,w,c
   301   000636  A0D8               	btfss	status,0,c
   302   000638  EF20  F003         	goto	i2u20_41
   303   00063C  EF22  F003         	goto	i2u20_40
   304   000640                     i2u20_41:
   305   000640  EF26  F003         	goto	i2l893
   306   000644                     i2u20_40:
   307   000644  0E03               	movlw	3
   308   000646  6E81               	movwf	129,c	;volatile
   309   000648  EF7C  F003         	goto	i2l919
   310   00064C                     i2l893:
   311   00064C  500C               	movf	(H_ISR@value+1)^0,w,c
   312   00064E  E109               	bnz	i2u21_40
   313   000650  0E06               	movlw	6
   314   000652  5C0B               	subwf	H_ISR@value^0,w,c
   315   000654  A0D8               	btfss	status,0,c
   316   000656  EF2F  F003         	goto	i2u21_41
   317   00065A  EF31  F003         	goto	i2u21_40
   318   00065E                     i2u21_41:
   319   00065E  EF35  F003         	goto	i2l897
   320   000662                     i2u21_40:
   321   000662                     i2l895:
   322   000662  0E00               	movlw	0
   323   000664  6E81               	movwf	129,c	;volatile
   324   000666  EF7C  F003         	goto	i2l919
   325   00066A                     i2l897:
   326   00066A  500C               	movf	(H_ISR@value+1)^0,w,c
   327   00066C  E109               	bnz	i2u22_40
   328   00066E  0E05               	movlw	5
   329   000670  5C0B               	subwf	H_ISR@value^0,w,c
   330   000672  A0D8               	btfss	status,0,c
   331   000674  EF3E  F003         	goto	i2u22_41
   332   000678  EF40  F003         	goto	i2u22_40
   333   00067C                     i2u22_41:
   334   00067C  EF44  F003         	goto	i2l901
   335   000680                     i2u22_40:
   336   000680                     i2l899:
   337   000680  0E01               	movlw	1
   338   000682  6E81               	movwf	129,c	;volatile
   339   000684  EF7C  F003         	goto	i2l919
   340   000688                     i2l901:
   341   000688  500C               	movf	(H_ISR@value+1)^0,w,c
   342   00068A  E109               	bnz	i2u23_40
   343   00068C  0E04               	movlw	4
   344   00068E  5C0B               	subwf	H_ISR@value^0,w,c
   345   000690  A0D8               	btfss	status,0,c
   346   000692  EF4D  F003         	goto	i2u23_41
   347   000696  EF4F  F003         	goto	i2u23_40
   348   00069A                     i2u23_41:
   349   00069A  EF53  F003         	goto	i2l905
   350   00069E                     i2u23_40:
   351   00069E  0E02               	movlw	2
   352   0006A0  6E81               	movwf	129,c	;volatile
   353   0006A2  EF7C  F003         	goto	i2l919
   354   0006A6                     i2l905:
   355   0006A6  500C               	movf	(H_ISR@value+1)^0,w,c
   356   0006A8  E109               	bnz	i2u24_40
   357   0006AA  0E03               	movlw	3
   358   0006AC  5C0B               	subwf	H_ISR@value^0,w,c
   359   0006AE  A0D8               	btfss	status,0,c
   360   0006B0  EF5C  F003         	goto	i2u24_41
   361   0006B4  EF5E  F003         	goto	i2u24_40
   362   0006B8                     i2u24_41:
   363   0006B8  EF60  F003         	goto	i2l909
   364   0006BC                     i2u24_40:
   365   0006BC  EF31  F003         	goto	i2l895
   366   0006C0                     i2l909:
   367   0006C0  500C               	movf	(H_ISR@value+1)^0,w,c
   368   0006C2  E109               	bnz	i2u25_40
   369   0006C4  0E02               	movlw	2
   370   0006C6  5C0B               	subwf	H_ISR@value^0,w,c
   371   0006C8  A0D8               	btfss	status,0,c
   372   0006CA  EF69  F003         	goto	i2u25_41
   373   0006CE  EF6B  F003         	goto	i2u25_40
   374   0006D2                     i2u25_41:
   375   0006D2  EF6D  F003         	goto	i2l913
   376   0006D6                     i2u25_40:
   377   0006D6  EF40  F003         	goto	i2l899
   378   0006DA                     i2l913:
   379   0006DA  500B               	movf	H_ISR@value^0,w,c
   380   0006DC  100C               	iorwf	(H_ISR@value+1)^0,w,c
   381   0006DE  B4D8               	btfsc	status,2,c
   382   0006E0  EF74  F003         	goto	i2u26_41
   383   0006E4  EF76  F003         	goto	i2u26_40
   384   0006E8                     i2u26_41:
   385   0006E8  EF7A  F003         	goto	i2l917
   386   0006EC                     i2u26_40:
   387   0006EC  0E04               	movlw	4
   388   0006EE  6E81               	movwf	129,c	;volatile
   389   0006F0  EF7C  F003         	goto	i2l919
   390   0006F4                     i2l917:
   391   0006F4  0E07               	movlw	7
   392   0006F6  6E81               	movwf	129,c	;volatile
   393   0006F8                     i2l919:
   394                           
   395                           ;advance.c: 31:     TRISBbits.RB0 = 0;
   396   0006F8  9C9E               	bcf	158,6,c	;volatile
   397   0006FA                     
   398                           ;advance.c: 34:     TRISBbits.RB3 = 0;
   399   0006FA  0E03               	movlw	3
   400   0006FC                     i2u27_47:
   401   0006FC  2EE8               	decfsz	wreg,f,c
   402   0006FE  D7FE               	bra	i2u27_47
   403   000700  0000               	nop	
   404   000702                     
   405                           ;advance.c: 35:     PORTB = 0x00;
   406   000702  82C2               	bsf	194,1,c	;volatile
   407   000704  920D               	bcf	int$flags,1,c	;clear compiler interrupt flag (level 2)
   408   000706  0011               	retfie		f
   409   000708                     __end_of_H_ISR:
   410                           	callstack 0
   411                           
   412 ;; *************** function ___awdiv *****************
   413 ;; Defined at:
   414 ;;		line 7 in file "D:\MPLAB\MPLAB XC8\Microchip\xc8\v2.45\pic\sources\c99\common\awdiv.c"
   415 ;; Parameters:    Size  Location     Type
   416 ;;  dividend        2    0[COMRAM] int 
   417 ;;  divisor         2    2[COMRAM] int 
   418 ;; Auto vars:     Size  Location     Type
   419 ;;  quotient        2    6[COMRAM] int 
   420 ;;  sign            1    5[COMRAM] unsigned char 
   421 ;;  counter         1    4[COMRAM] unsigned char 
   422 ;; Return value:  Size  Location     Type
   423 ;;                  2    0[COMRAM] int 
   424 ;; Registers used:
   425 ;;		wreg, status,2, status,0
   426 ;; Tracked objects:
   427 ;;		On entry : 0/0
   428 ;;		On exit  : 0/0
   429 ;;		Unchanged: 0/0
   430 ;; Data sizes:     COMRAM   BANK0   BANK1   BANK2   BANK3   BANK4   BANK5
   431 ;;      Params:         4       0       0       0       0       0       0
   432 ;;      Locals:         4       0       0       0       0       0       0
   433 ;;      Temps:          0       0       0       0       0       0       0
   434 ;;      Totals:         8       0       0       0       0       0       0
   435 ;;Total ram usage:        8 bytes
   436 ;; Hardware stack levels used: 1
   437 ;; This function calls:
   438 ;;		Nothing
   439 ;; This function is called by:
   440 ;;		_H_ISR
   441 ;; This function uses a non-reentrant model
   442 ;;
   443                           
   444                           	psect	text2
   445   000708                     __ptext2:
   446                           	callstack 0
   447   000708                     ___awdiv:
   448                           	callstack 29
   449   000708  0E00               	movlw	0
   450   00070A  6E06               	movwf	___awdiv@sign^0,c
   451   00070C  BE04               	btfsc	(___awdiv@divisor+1)^0,7,c
   452   00070E  EF8D  F003         	goto	i2u14_40
   453   000712  EF8B  F003         	goto	i2u14_41
   454   000716                     i2u14_41:
   455   000716  EF93  F003         	goto	i2l851
   456   00071A                     i2u14_40:
   457   00071A  6C03               	negf	___awdiv@divisor^0,c
   458   00071C  1E04               	comf	(___awdiv@divisor+1)^0,f,c
   459   00071E  B0D8               	btfsc	status,0,c
   460   000720  2A04               	incf	(___awdiv@divisor+1)^0,f,c
   461   000722  0E01               	movlw	1
   462   000724  6E06               	movwf	___awdiv@sign^0,c
   463   000726                     i2l851:
   464   000726  BE02               	btfsc	(___awdiv@dividend+1)^0,7,c
   465   000728  EF9A  F003         	goto	i2u15_40
   466   00072C  EF98  F003         	goto	i2u15_41
   467   000730                     i2u15_41:
   468   000730  EFA0  F003         	goto	i2l857
   469   000734                     i2u15_40:
   470   000734  6C01               	negf	___awdiv@dividend^0,c
   471   000736  1E02               	comf	(___awdiv@dividend+1)^0,f,c
   472   000738  B0D8               	btfsc	status,0,c
   473   00073A  2A02               	incf	(___awdiv@dividend+1)^0,f,c
   474   00073C  0E01               	movlw	1
   475   00073E  1A06               	xorwf	___awdiv@sign^0,f,c
   476   000740                     i2l857:
   477   000740  0E00               	movlw	0
   478   000742  6E08               	movwf	(___awdiv@quotient+1)^0,c
   479   000744  0E00               	movlw	0
   480   000746  6E07               	movwf	___awdiv@quotient^0,c
   481   000748  5003               	movf	___awdiv@divisor^0,w,c
   482   00074A  1004               	iorwf	(___awdiv@divisor+1)^0,w,c
   483   00074C  B4D8               	btfsc	status,2,c
   484   00074E  EFAB  F003         	goto	i2u16_41
   485   000752  EFAD  F003         	goto	i2u16_40
   486   000756                     i2u16_41:
   487   000756  EFD5  F003         	goto	i2l879
   488   00075A                     i2u16_40:
   489   00075A  0E01               	movlw	1
   490   00075C  6E05               	movwf	___awdiv@counter^0,c
   491   00075E  EFB5  F003         	goto	i2l865
   492   000762                     i2l863:
   493   000762  90D8               	bcf	status,0,c
   494   000764  3603               	rlcf	___awdiv@divisor^0,f,c
   495   000766  3604               	rlcf	(___awdiv@divisor+1)^0,f,c
   496   000768  2A05               	incf	___awdiv@counter^0,f,c
   497   00076A                     i2l865:
   498   00076A  AE04               	btfss	(___awdiv@divisor+1)^0,7,c
   499   00076C  EFBA  F003         	goto	i2u17_41
   500   000770  EFBC  F003         	goto	i2u17_40
   501   000774                     i2u17_41:
   502   000774  EFB1  F003         	goto	i2l863
   503   000778                     i2u17_40:
   504   000778                     i2l867:
   505   000778  90D8               	bcf	status,0,c
   506   00077A  3607               	rlcf	___awdiv@quotient^0,f,c
   507   00077C  3608               	rlcf	(___awdiv@quotient+1)^0,f,c
   508   00077E  5003               	movf	___awdiv@divisor^0,w,c
   509   000780  5C01               	subwf	___awdiv@dividend^0,w,c
   510   000782  5004               	movf	(___awdiv@divisor+1)^0,w,c
   511   000784  5802               	subwfb	(___awdiv@dividend+1)^0,w,c
   512   000786  A0D8               	btfss	status,0,c
   513   000788  EFC8  F003         	goto	i2u18_41
   514   00078C  EFCA  F003         	goto	i2u18_40
   515   000790                     i2u18_41:
   516   000790  EFCF  F003         	goto	i2l875
   517   000794                     i2u18_40:
   518   000794  5003               	movf	___awdiv@divisor^0,w,c
   519   000796  5E01               	subwf	___awdiv@dividend^0,f,c
   520   000798  5004               	movf	(___awdiv@divisor+1)^0,w,c
   521   00079A  5A02               	subwfb	(___awdiv@dividend+1)^0,f,c
   522   00079C  8007               	bsf	___awdiv@quotient^0,0,c
   523   00079E                     i2l875:
   524   00079E  90D8               	bcf	status,0,c
   525   0007A0  3204               	rrcf	(___awdiv@divisor+1)^0,f,c
   526   0007A2  3203               	rrcf	___awdiv@divisor^0,f,c
   527   0007A4  2E05               	decfsz	___awdiv@counter^0,f,c
   528   0007A6  EFBC  F003         	goto	i2l867
   529   0007AA                     i2l879:
   530   0007AA  5006               	movf	___awdiv@sign^0,w,c
   531   0007AC  B4D8               	btfsc	status,2,c
   532   0007AE  EFDB  F003         	goto	i2u19_41
   533   0007B2  EFDD  F003         	goto	i2u19_40
   534   0007B6                     i2u19_41:
   535   0007B6  EFE1  F003         	goto	i2l883
   536   0007BA                     i2u19_40:
   537   0007BA  6C07               	negf	___awdiv@quotient^0,c
   538   0007BC  1E08               	comf	(___awdiv@quotient+1)^0,f,c
   539   0007BE  B0D8               	btfsc	status,0,c
   540   0007C0  2A08               	incf	(___awdiv@quotient+1)^0,f,c
   541   0007C2                     i2l883:
   542   0007C2  C007  F001         	movff	___awdiv@quotient,?___awdiv
   543   0007C6  C008  F002         	movff	___awdiv@quotient+1,?___awdiv+1
   544   0007CA  0012               	return		;funcret
   545   0007CC                     __end_of___awdiv:
   546                           	callstack 0
   547                           
   548                           	psect	smallconst
   549   000600                     __psmallconst:
   550                           	callstack 0
   551   000600  00                 	db	0
   552   000601  00                 	db	0	; dummy byte at the end
   553   000000                     
   554                           	psect	rparam
   555   000000                     
   556                           	psect	temp
   557   00000D                     btemp:
   558                           	callstack 0
   559   00000D                     	ds	1
   560   000000                     int$flags	set	btemp
   561   000000                     wtemp8	set	btemp+1
   562   000000                     ttemp5	set	btemp+1
   563   000000                     ttemp6	set	btemp+4
   564   000000                     ttemp7	set	btemp+8
   565                           
   566                           	psect	idloc
   567                           
   568                           ;Config register IDLOC0 @ 0x200000
   569                           ;	unspecified, using default values
   570   200000                     	org	2097152
   571   200000  FF                 	db	255
   572                           
   573                           ;Config register IDLOC1 @ 0x200001
   574                           ;	unspecified, using default values
   575   200001                     	org	2097153
   576   200001  FF                 	db	255
   577                           
   578                           ;Config register IDLOC2 @ 0x200002
   579                           ;	unspecified, using default values
   580   200002                     	org	2097154
   581   200002  FF                 	db	255
   582                           
   583                           ;Config register IDLOC3 @ 0x200003
   584                           ;	unspecified, using default values
   585   200003                     	org	2097155
   586   200003  FF                 	db	255
   587                           
   588                           ;Config register IDLOC4 @ 0x200004
   589                           ;	unspecified, using default values
   590   200004                     	org	2097156
   591   200004  FF                 	db	255
   592                           
   593                           ;Config register IDLOC5 @ 0x200005
   594                           ;	unspecified, using default values
   595   200005                     	org	2097157
   596   200005  FF                 	db	255
   597                           
   598                           ;Config register IDLOC6 @ 0x200006
   599                           ;	unspecified, using default values
   600   200006                     	org	2097158
   601   200006  FF                 	db	255
   602                           
   603                           ;Config register IDLOC7 @ 0x200007
   604                           ;	unspecified, using default values
   605   200007                     	org	2097159
   606   200007  FF                 	db	255
   607                           
   608                           	psect	config
   609                           
   610                           ; Padding undefined space
   611   300000                     	org	3145728
   612   300000  FF                 	db	255
   613                           
   614                           ;Config register CONFIG1H @ 0x300001
   615                           ;	Oscillator Selection bits
   616                           ;	OSC = INTIO67, Internal oscillator block, port function on RA6 and RA7
   617                           ;	Fail-Safe Clock Monitor Enable bit
   618                           ;	FCMEN = 0x0, unprogrammed default
   619                           ;	Internal/External Oscillator Switchover bit
   620                           ;	IESO = 0x0, unprogrammed default
   621   300001                     	org	3145729
   622   300001  08                 	db	8
   623                           
   624                           ;Config register CONFIG2L @ 0x300002
   625                           ;	Power-up Timer Enable bit
   626                           ;	PWRT = OFF, PWRT disabled
   627                           ;	Brown-out Reset Enable bits
   628                           ;	BOREN = ON, Brown-out Reset enabled and controlled by software (SBOREN is enabled)
   629                           ;	Brown Out Reset Voltage bits
   630                           ;	BORV = 0x3, unprogrammed default
   631   300002                     	org	3145730
   632   300002  1B                 	db	27
   633                           
   634                           ;Config register CONFIG2H @ 0x300003
   635                           ;	Watchdog Timer Enable bit
   636                           ;	WDT = OFF, WDT disabled (control is placed on the SWDTEN bit)
   637                           ;	Watchdog Timer Postscale Select bits
   638                           ;	WDTPS = 0xF, unprogrammed default
   639   300003                     	org	3145731
   640   300003  1E                 	db	30
   641                           
   642                           ; Padding undefined space
   643   300004                     	org	3145732
   644   300004  FF                 	db	255
   645                           
   646                           ;Config register CONFIG3H @ 0x300005
   647                           ;	CCP2 MUX bit
   648                           ;	CCP2MX = 0x1, unprogrammed default
   649                           ;	PORTB A/D Enable bit
   650                           ;	PBADEN = OFF, PORTB<4:0> pins are configured as digital I/O on Reset
   651                           ;	Low-Power Timer1 Oscillator Enable bit
   652                           ;	LPT1OSC = 0x0, unprogrammed default
   653                           ;	MCLR Pin Enable bit
   654                           ;	MCLRE = 0x1, unprogrammed default
   655   300005                     	org	3145733
   656   300005  81                 	db	129
   657                           
   658                           ;Config register CONFIG4L @ 0x300006
   659                           ;	Stack Full/Underflow Reset Enable bit
   660                           ;	STVREN = 0x1, unprogrammed default
   661                           ;	Single-Supply ICSP Enable bit
   662                           ;	LVP = OFF, Single-Supply ICSP disabled
   663                           ;	Extended Instruction Set Enable bit
   664                           ;	XINST = 0x0, unprogrammed default
   665                           ;	Background Debugger Enable bit
   666                           ;	DEBUG = 0x1, unprogrammed default
   667   300006                     	org	3145734
   668   300006  81                 	db	129
   669                           
   670                           ; Padding undefined space
   671   300007                     	org	3145735
   672   300007  FF                 	db	255
   673                           
   674                           ;Config register CONFIG5L @ 0x300008
   675                           ;	unspecified, using default values
   676                           ;	Code Protection bit
   677                           ;	CP0 = 0x1, unprogrammed default
   678                           ;	Code Protection bit
   679                           ;	CP1 = 0x1, unprogrammed default
   680                           ;	Code Protection bit
   681                           ;	CP2 = 0x1, unprogrammed default
   682                           ;	Code Protection bit
   683                           ;	CP3 = 0x1, unprogrammed default
   684   300008                     	org	3145736
   685   300008  0F                 	db	15
   686                           
   687                           ;Config register CONFIG5H @ 0x300009
   688                           ;	Boot Block Code Protection bit
   689                           ;	CPB = 0x1, unprogrammed default
   690                           ;	Data EEPROM Code Protection bit
   691                           ;	CPD = OFF, Data EEPROM not code-protected
   692   300009                     	org	3145737
   693   300009  C0                 	db	192
   694                           
   695                           ;Config register CONFIG6L @ 0x30000A
   696                           ;	unspecified, using default values
   697                           ;	Write Protection bit
   698                           ;	WRT0 = 0x1, unprogrammed default
   699                           ;	Write Protection bit
   700                           ;	WRT1 = 0x1, unprogrammed default
   701                           ;	Write Protection bit
   702                           ;	WRT2 = 0x1, unprogrammed default
   703                           ;	Write Protection bit
   704                           ;	WRT3 = 0x1, unprogrammed default
   705   30000A                     	org	3145738
   706   30000A  0F                 	db	15
   707                           
   708                           ;Config register CONFIG6H @ 0x30000B
   709                           ;	unspecified, using default values
   710                           ;	Configuration Register Write Protection bit
   711                           ;	WRTC = 0x1, unprogrammed default
   712                           ;	Boot Block Write Protection bit
   713                           ;	WRTB = 0x1, unprogrammed default
   714                           ;	Data EEPROM Write Protection bit
   715                           ;	WRTD = 0x1, unprogrammed default
   716   30000B                     	org	3145739
   717   30000B  E0                 	db	224
   718                           
   719                           ;Config register CONFIG7L @ 0x30000C
   720                           ;	unspecified, using default values
   721                           ;	Table Read Protection bit
   722                           ;	EBTR0 = 0x1, unprogrammed default
   723                           ;	Table Read Protection bit
   724                           ;	EBTR1 = 0x1, unprogrammed default
   725                           ;	Table Read Protection bit
   726                           ;	EBTR2 = 0x1, unprogrammed default
   727                           ;	Table Read Protection bit
   728                           ;	EBTR3 = 0x1, unprogrammed default
   729   30000C                     	org	3145740
   730   30000C  0F                 	db	15
   731                           
   732                           ;Config register CONFIG7H @ 0x30000D
   733                           ;	unspecified, using default values
   734                           ;	Boot Block Table Read Protection bit
   735                           ;	EBTRB = 0x1, unprogrammed default
   736   30000D                     	org	3145741
   737   30000D  40                 	db	64
   738                           tosu	equ	0xFFF
   739                           tosh	equ	0xFFE
   740                           tosl	equ	0xFFD
   741                           stkptr	equ	0xFFC
   742                           pclatu	equ	0xFFB
   743                           pclath	equ	0xFFA
   744                           pcl	equ	0xFF9
   745                           tblptru	equ	0xFF8
   746                           tblptrh	equ	0xFF7
   747                           tblptrl	equ	0xFF6
   748                           tablat	equ	0xFF5
   749                           prodh	equ	0xFF4
   750                           prodl	equ	0xFF3
   751                           indf0	equ	0xFEF
   752                           postinc0	equ	0xFEE
   753                           postdec0	equ	0xFED
   754                           preinc0	equ	0xFEC
   755                           plusw0	equ	0xFEB
   756                           fsr0h	equ	0xFEA
   757                           fsr0l	equ	0xFE9
   758                           wreg	equ	0xFE8
   759                           indf1	equ	0xFE7
   760                           postinc1	equ	0xFE6
   761                           postdec1	equ	0xFE5
   762                           preinc1	equ	0xFE4
   763                           plusw1	equ	0xFE3
   764                           fsr1h	equ	0xFE2
   765                           fsr1l	equ	0xFE1
   766                           bsr	equ	0xFE0
   767                           indf2	equ	0xFDF
   768                           postinc2	equ	0xFDE
   769                           postdec2	equ	0xFDD
   770                           preinc2	equ	0xFDC
   771                           plusw2	equ	0xFDB
   772                           fsr2h	equ	0xFDA
   773                           fsr2l	equ	0xFD9
   774                           status	equ	0xFD8

Data Sizes:
    Strings     0
    Constant    0
    Data        0
    BSS         0
    Persistent  0
    Stack       0

Auto Spaces:
    Space          Size  Autos    Used
    COMRAM          126     12      12
    BANK0           128      0       0
    BANK1           256      0       0
    BANK2           256      0       0
    BANK3           256      0       0
    BANK4           256      0       0
    BANK5           244      0       0

Pointer List with Targets:

    None.

Critical Paths under _main in COMRAM

    None.

Critical Paths under _H_ISR in COMRAM

    _H_ISR->___awdiv

Critical Paths under _main in BANK0

    None.

Critical Paths under _H_ISR in BANK0

    None.

Critical Paths under _main in BANK1

    None.

Critical Paths under _H_ISR in BANK1

    None.

Critical Paths under _main in BANK2

    None.

Critical Paths under _H_ISR in BANK2

    None.

Critical Paths under _main in BANK3

    None.

Critical Paths under _H_ISR in BANK3

    None.

Critical Paths under _main in BANK4

    None.

Critical Paths under _H_ISR in BANK4

    None.

Critical Paths under _main in BANK5

    None.

Critical Paths under _H_ISR in BANK5

    None.

Call Graph Tables:

 ---------------------------------------------------------------------------------
 (Depth) Function   	        Calls       Base Space   Used Autos Params    Refs
 ---------------------------------------------------------------------------------
 (0) _main                                                 0     0      0       0
 ---------------------------------------------------------------------------------
 Estimated maximum stack depth 0
 ---------------------------------------------------------------------------------
 (Depth) Function   	        Calls       Base Space   Used Autos Params    Refs
 ---------------------------------------------------------------------------------
 (1) _H_ISR                                                4     4      0     607
                                              8 COMRAM     4     4      0
                            ___awdiv
 ---------------------------------------------------------------------------------
 (2) ___awdiv                                              8     4      4     452
                                              0 COMRAM     8     4      4
 ---------------------------------------------------------------------------------
 Estimated maximum stack depth 2
 ---------------------------------------------------------------------------------

 Call Graph Graphs:

 _main (ROOT)

 _H_ISR (ROOT)
   ___awdiv

 Address spaces:
Name               Size   Autos  Total    Cost      Usage
BITCOMRAM           7E      0       0       0        0.0%
EEDATA             100      0       0       0        0.0%
NULL                 0      0       0       0        0.0%
CODE                 0      0       0       0        0.0%
COMRAM              7E      C       C       1        9.5%
STACK                0      0       0       2        0.0%
BITBANK0            80      0       0       3        0.0%
BANK0               80      0       0       4        0.0%
BITBANK1           100      0       0       5        0.0%
BANK1              100      0       0       6        0.0%
BITBANK2           100      0       0       7        0.0%
BANK2              100      0       0       8        0.0%
BITBANK3           100      0       0       9        0.0%
BANK3              100      0       0      10        0.0%
BITBANK4           100      0       0      11        0.0%
BANK4              100      0       0      12        0.0%
BITBANK5            F4      0       0      13        0.0%
BANK5               F4      0       0      14        0.0%
BITBIGSFR_5h         A      0       0      15        0.0%
BITBIGSFR_5l         2      0       0      16        0.0%
BITBIGSFR_4          3      0       0      17        0.0%
BITBIGSFR_3          3      0       0      18        0.0%
BITBIGSFR_2          6      0       0      19        0.0%
BITBIGSFR_1h         E      0       0      20        0.0%
BITBIGSFR_1lh       21      0       0      21        0.0%
BITBIGSFRhh          8      0       0      22        0.0%
BITBIGSFRhl         10      0       0      23        0.0%
BITBIGSFRl           1      0       0      24        0.0%
ABS                  0      0       0      25        0.0%
BIGRAM             5F3      0       0      26        0.0%
DATA                 0      0       0      27        0.0%
BIGSFR_5             0      0       0     200        0.0%
BIGSFR_4             0      0       0     200        0.0%
BIGSFR_3             0      0       0     200        0.0%
BIGSFR_2             0      0       0     200        0.0%
BIGSFR_1             0      0       0     200        0.0%
BIGSFR               0      0       0     200        0.0%
BITSFR_5             0      0       0     200        0.0%
SFR_5                0      0       0     200        0.0%
BITSFR_4             0      0       0     200        0.0%
SFR_4                0      0       0     200        0.0%
BITSFR_3             0      0       0     200        0.0%
SFR_3                0      0       0     200        0.0%
BITSFR_2             0      0       0     200        0.0%
SFR_2                0      0       0     200        0.0%
BITSFR_1             0      0       0     200        0.0%
SFR_1                0      0       0     200        0.0%
BITSFR               0      0       0     200        0.0%
SFR                  0      0       0     200        0.0%


Microchip Technology PIC18 Macro Assembler V2.45 build 20230818022343 
Symbol Table                                                                                   Thu Jan 04 19:56:28 2024

                     l50 0810                       l51 0810             ___awdiv@sign 0006  
                    l821 07DA                      l813 07CC                      l831 0804  
                    l823 07DC                      l815 07D4                      l841 080E  
                    l833 0806                      l825 07E2                      l817 07D6  
                    l835 0808                      l827 07E4                      l819 07D8  
                    l837 080A                      l829 0802                      l839 080C  
                    wreg 0FE8                     i2l45 0704                     _main 07CC  
                   btemp 000D                     start 000E             ___param_bank 0000  
                  ?_main 0001          __end_of___awdiv 07CC          ___awdiv@divisor 0003  
                  i2l287 07CA                    i2l901 0688                    i2l903 069E  
                  i2l921 06FA                    i2l913 06DA                    i2l905 06A6  
                  i2l851 0726                    i2l843 0708                    i2l923 0702  
                  i2l915 06EC                    i2l861 075A                    i2l853 0734  
                  i2l845 070C                    i2l917 06F4                    i2l909 06C0  
                  i2l871 0794                    i2l863 0762                    i2l855 073C  
                  i2l847 071A                    i2l919 06F8                    i2l881 07BA  
                  i2l873 079C                    i2l865 076A                    i2l857 0740  
                  i2l849 0722                    i2l883 07C2                    i2l875 079E  
                  i2l867 0778                    i2l859 0748                    i2l891 0644  
        ___awdiv@counter 0005                    i2l877 07A4                    i2l869 077E  
                  i2l893 064C                    i2l879 07AA                    i2l895 0662  
                  i2l887 0604                    i2l897 066A                    i2l889 062E  
                  i2l899 0680                    _H_ISR 0008                    _PORTB 0F81  
                  ttemp5 000E                    ttemp6 0011                    ttemp7 0015  
                  status 0FD8                    wtemp8 000E          __initialization 0818  
           __end_of_main 0818                   ??_main 000D            __activetblptr 0000  
                 ?_H_ISR 0001                   _ADRESH 0FC4                   _ADRESL 0FC3  
       ___awdiv@dividend 0001                ??___awdiv 0005         ___awdiv@quotient 0007  
                 isa$std 0001             __mediumconst 0000               __accesstop 0080  
__end_of__initialization 0818            ___rparam_used 0001            __end_of_H_ISR 0708  
         __pcstackCOMRAM 0001                  ??_H_ISR 0009                  i2u20_40 0644  
                i2u20_41 0640                  i2u21_40 0662                  i2u21_41 065E  
                i2u14_40 071A                  i2u22_40 0680                  i2u14_41 0716  
                i2u22_41 067C                  i2u15_40 0734                  i2u23_40 069E  
                i2u15_41 0730                  i2u23_41 069A                  i2u16_40 075A  
                i2u24_40 06BC                  i2u16_41 0756                  i2u24_41 06B8  
                i2u17_40 0778                  i2u25_40 06D6                  i2u17_41 0774  
                i2u25_41 06D2                  i2u18_40 0794                  i2u26_40 06EC  
                i2u18_41 0790                  i2u26_41 06E8                  i2u19_40 07BA  
                i2u19_41 07B6                  i2u27_47 06FC                  __Hparam 0000  
                __Lparam 0000                  ___awdiv 0708             __psmallconst 0600  
                __pcinit 0818                  __ramtop 0600                  __ptext0 07CC  
                __ptext2 0708           __pintcode_body 0602     end_of_initialization 0818  
                int_func 0602                _TRISAbits 0F92                _TRISBbits 0F93  
    start_initialization 0818                __pintcode 0008                 ?___awdiv 0001  
             H_ISR@value 000B              __smallconst 0600                 _PIE1bits 0F9D  
               _PIR1bits 0F9E               _ADCON0bits 0FC2               _ADCON1bits 0FC1  
             _ADCON2bits 0FC0                 __Hrparam 0000                 __Lrparam 0000  
               isa$xinst 0000                 int$flags 000D               _INTCONbits 0FF2  
               intlevel2 0000               _OSCCONbits 0FD3  
