

Microchip MPLAB XC8 Assembler V2.45 build 20230818022343 
                                                                                               Mon Nov 27 13:37:16 2023

Microchip MPLAB XC8 C Compiler v2.45 (Free license) build 20230818022343 Og1 
     1                           	processor	18F4520
     2                           	fnconf	rparam,??,?,0
     3                           	pagewidth 120
     4                           	opt	flic
     5                           	psect	cinit,global,reloc=2,class=CODE,delta=1
     6                           	psect	cstackCOMRAM,global,class=COMRAM,space=1,delta=1,lowdata,noexec
     7                           	psect	text0,global,reloc=2,class=CODE,delta=1
     8                           	psect	smallconst,global,reloc=2,class=SMALLCONST,delta=1,noexec
     9                           	psect	intsave_regs,global,class=BIGRAM,space=1,delta=1,noexec
    10                           	psect	rparam,global,class=COMRAM,space=1,delta=1,noexec
    11                           	psect	idloc,global,abs,ovrld,class=IDLOC,space=5,delta=1,noexec
    12                           	psect	config,global,abs,ovrld,class=CONFIG,space=4,delta=1,noexec
    13   000000                     
    14                           ; Generated 18/08/2023 GMT
    15                           ; 
    16                           ; Copyright © 2023, Microchip Technology Inc. and its subsidiaries ("Microchip")
    17                           ; All rights reserved.
    18                           ; 
    19                           ; This software is developed by Microchip Technology Inc. and its subsidiaries ("Microch
      +                          ip").
    20                           ; 
    21                           ; Redistribution and use in source and binary forms, with or without modification, are
    22                           ; permitted provided that the following conditions are met:
    23                           ; 
    24                           ;     1. Redistributions of source code must retain the above copyright notice, this lis
      +                          t of
    25                           ;        conditions and the following disclaimer.
    26                           ; 
    27                           ;     2. Redistributions in binary form must reproduce the above copyright notice, this 
      +                          list
    28                           ;        of conditions and the following disclaimer in the documentation and/or other
    29                           ;        materials provided with the distribution. Publication is not required when
    30                           ;        this file is used in an embedded application.
    31                           ; 
    32                           ;     3. Microchip's name may not be used to endorse or promote products derived from th
      +                          is
    33                           ;        software without specific prior written permission.
    34                           ; 
    35                           ; THIS SOFTWARE IS PROVIDED BY MICROCHIP "AS IS" AND ANY EXPRESS OR IMPLIED WARRANTIES,
    36                           ; INCLUDING, BUT NOT LIMITED TO, THE IMPLIED WARRANTIES OF MERCHANTABILITY AND FITNESS F
      +                          OR
    37                           ; PURPOSE ARE DISCLAIMED.  IN NO EVENT SHALL MICROCHIP BE LIABLE FOR ANY DIRECT, INDIREC
      +                          T,
    38                           ; INCIDENTAL, SPECIAL, EXEMPLARY, OR CONSEQUENTIAL DAMAGES (INCLUDING BUT NOT LIMITED TO
    39                           ; PROCUREMENT OF SUBSTITUTE GOODS OR SERVICES; LOSS OF USE, DATA OR PROFITS; OR BUSINESS
    40                           ; INTERRUPTION) HOWSOEVER CAUSED AND ON ANY THEORY OF LIABILITY, WHETHER IN CONTRACT, ST
      +                          RICT
    41                           ; LIABILITY, OR TORT (INCLUDING NEGLIGENCE OR OTHERWISE) ARISING IN ANY WAY OUT OF THE U
      +                          SE OF
    42                           ; THIS SOFTWARE, EVEN IF ADVISED OF THE POSSIBILITY OF SUCH DAMAGE.
    43                           ; 
    44                           ; 
    45                           ; Code-generator required, PIC18F4520 Definitions
    46                           ; 
    47                           ; SFR Addresses
    48   000000                     _LATC	set	3979
    49   000000                     _TRISC	set	3988
    50   000000                     _CCP1CONbits	set	4029
    51   000000                     _T2CONbits	set	4042
    52   000000                     _PR2	set	4043
    53   000000                     _OSCCONbits	set	4051
    54   000000                     _CCPR1L	set	4030
    55                           
    56                           ; #config settings
    57                           
    58                           	psect	cinit
    59   00063C                     __pcinit:
    60                           	callstack 0
    61   00063C                     start_initialization:
    62                           	callstack 0
    63   00063C                     __initialization:
    64                           	callstack 0
    65   00063C                     end_of_initialization:
    66                           	callstack 0
    67   00063C                     __end_of__initialization:
    68                           	callstack 0
    69   00063C  0100               	movlb	0
    70   00063E  EF01  F003         	goto	_main	;jump to C main() function
    71                           
    72                           	psect	cstackCOMRAM
    73   000000                     __pcstackCOMRAM:
    74                           	callstack 0
    75   000000                     
    76                           ; 1 bytes @ 0x0
    77 ;;
    78 ;;Main: autosize = 0, tempsize = 0, incstack = 0, save=0
    79 ;;
    80 ;; *************** function _main *****************
    81 ;; Defined at:
    82 ;;		line 17 in file "basic.c"
    83 ;; Parameters:    Size  Location     Type
    84 ;;		None
    85 ;; Auto vars:     Size  Location     Type
    86 ;;		None
    87 ;; Return value:  Size  Location     Type
    88 ;;                  1    wreg      void 
    89 ;; Registers used:
    90 ;;		wreg, status,2
    91 ;; Tracked objects:
    92 ;;		On entry : 0/0
    93 ;;		On exit  : 0/0
    94 ;;		Unchanged: 0/0
    95 ;; Data sizes:     COMRAM   BANK0   BANK1   BANK2   BANK3   BANK4   BANK5
    96 ;;      Params:         0       0       0       0       0       0       0
    97 ;;      Locals:         0       0       0       0       0       0       0
    98 ;;      Temps:          0       0       0       0       0       0       0
    99 ;;      Totals:         0       0       0       0       0       0       0
   100 ;;Total ram usage:        0 bytes
   101 ;; This function calls:
   102 ;;		Nothing
   103 ;; This function is called by:
   104 ;;		Startup code after reset
   105 ;; This function uses a non-reentrant model
   106 ;;
   107                           
   108                           	psect	text0
   109   000602                     __ptext0:
   110                           	callstack 0
   111   000602                     _main:
   112                           	callstack 31
   113   000602                     
   114                           ;basic.c: 20: 
   115   000602  84CA               	bsf	202,2,c	;volatile
   116   000604                     
   117                           ;basic.c: 21: 
   118   000604  50CA               	movf	202,w,c	;volatile
   119   000606  0BFC               	andlw	-4
   120   000608  0901               	iorlw	1
   121   00060A  6ECA               	movwf	202,c	;volatile
   122                           
   123                           ;basic.c: 23: 
   124   00060C  50D3               	movf	211,w,c	;volatile
   125   00060E  0B8F               	andlw	-113
   126   000610  0910               	iorlw	16
   127   000612  6ED3               	movwf	211,c	;volatile
   128                           
   129                           ;basic.c: 25: 
   130   000614  50BD               	movf	189,w,c	;volatile
   131   000616  0BF0               	andlw	-16
   132   000618  090C               	iorlw	12
   133   00061A  6EBD               	movwf	189,c	;volatile
   134                           
   135                           ;basic.c: 27: 
   136   00061C  0E00               	movlw	0
   137   00061E  6E94               	movwf	148,c	;volatile
   138                           
   139                           ;basic.c: 28: 
   140   000620  0E00               	movlw	0
   141   000622  6E8B               	movwf	139,c	;volatile
   142                           
   143                           ;basic.c: 36: }
   144   000624  0E9B               	movlw	155
   145   000626  6ECB               	movwf	203,c	;volatile
   146   000628  0E0B               	movlw	11
   147   00062A  6EBE               	movwf	190,c	;volatile
   148   00062C  50BD               	movf	189,w,c	;volatile
   149   00062E  0BCF               	andlw	-49
   150   000630  0910               	iorlw	16
   151   000632  6EBD               	movwf	189,c	;volatile
   152   000634                     l19:
   153   000634  EF1A  F003         	goto	l19
   154   000638  EF00  F000         	goto	start
   155   00063C                     __end_of_main:
   156                           	callstack 0
   157                           
   158                           	psect	smallconst
   159   000600                     __psmallconst:
   160                           	callstack 0
   161   000600  00                 	db	0
   162   000601  00                 	db	0	; dummy byte at the end
   163   000000                     
   164                           	psect	rparam
   165   000000                     
   166                           	psect	idloc
   167                           
   168                           ;Config register IDLOC0 @ 0x200000
   169                           ;	unspecified, using default values
   170   200000                     	org	2097152
   171   200000  FF                 	db	255
   172                           
   173                           ;Config register IDLOC1 @ 0x200001
   174                           ;	unspecified, using default values
   175   200001                     	org	2097153
   176   200001  FF                 	db	255
   177                           
   178                           ;Config register IDLOC2 @ 0x200002
   179                           ;	unspecified, using default values
   180   200002                     	org	2097154
   181   200002  FF                 	db	255
   182                           
   183                           ;Config register IDLOC3 @ 0x200003
   184                           ;	unspecified, using default values
   185   200003                     	org	2097155
   186   200003  FF                 	db	255
   187                           
   188                           ;Config register IDLOC4 @ 0x200004
   189                           ;	unspecified, using default values
   190   200004                     	org	2097156
   191   200004  FF                 	db	255
   192                           
   193                           ;Config register IDLOC5 @ 0x200005
   194                           ;	unspecified, using default values
   195   200005                     	org	2097157
   196   200005  FF                 	db	255
   197                           
   198                           ;Config register IDLOC6 @ 0x200006
   199                           ;	unspecified, using default values
   200   200006                     	org	2097158
   201   200006  FF                 	db	255
   202                           
   203                           ;Config register IDLOC7 @ 0x200007
   204                           ;	unspecified, using default values
   205   200007                     	org	2097159
   206   200007  FF                 	db	255
   207                           
   208                           	psect	config
   209                           
   210                           ; Padding undefined space
   211   300000                     	org	3145728
   212   300000  FF                 	db	255
   213                           
   214                           ;Config register CONFIG1H @ 0x300001
   215                           ;	Oscillator Selection bits
   216                           ;	OSC = INTIO67, Internal oscillator block, port function on RA6 and RA7
   217                           ;	Fail-Safe Clock Monitor Enable bit
   218                           ;	FCMEN = 0x0, unprogrammed default
   219                           ;	Internal/External Oscillator Switchover bit
   220                           ;	IESO = 0x0, unprogrammed default
   221   300001                     	org	3145729
   222   300001  08                 	db	8
   223                           
   224                           ;Config register CONFIG2L @ 0x300002
   225                           ;	Power-up Timer Enable bit
   226                           ;	PWRT = OFF, PWRT disabled
   227                           ;	Brown-out Reset Enable bits
   228                           ;	BOREN = ON, Brown-out Reset enabled and controlled by software (SBOREN is enabled)
   229                           ;	Brown Out Reset Voltage bits
   230                           ;	BORV = 0x3, unprogrammed default
   231   300002                     	org	3145730
   232   300002  1B                 	db	27
   233                           
   234                           ;Config register CONFIG2H @ 0x300003
   235                           ;	Watchdog Timer Enable bit
   236                           ;	WDT = OFF, WDT disabled (control is placed on the SWDTEN bit)
   237                           ;	Watchdog Timer Postscale Select bits
   238                           ;	WDTPS = 0xF, unprogrammed default
   239   300003                     	org	3145731
   240   300003  1E                 	db	30
   241                           
   242                           ; Padding undefined space
   243   300004                     	org	3145732
   244   300004  FF                 	db	255
   245                           
   246                           ;Config register CONFIG3H @ 0x300005
   247                           ;	CCP2 MUX bit
   248                           ;	CCP2MX = 0x1, unprogrammed default
   249                           ;	PORTB A/D Enable bit
   250                           ;	PBADEN = OFF, PORTB<4:0> pins are configured as digital I/O on Reset
   251                           ;	Low-Power Timer1 Oscillator Enable bit
   252                           ;	LPT1OSC = 0x0, unprogrammed default
   253                           ;	MCLR Pin Enable bit
   254                           ;	MCLRE = 0x1, unprogrammed default
   255   300005                     	org	3145733
   256   300005  81                 	db	129
   257                           
   258                           ;Config register CONFIG4L @ 0x300006
   259                           ;	Stack Full/Underflow Reset Enable bit
   260                           ;	STVREN = 0x1, unprogrammed default
   261                           ;	Single-Supply ICSP Enable bit
   262                           ;	LVP = OFF, Single-Supply ICSP disabled
   263                           ;	Extended Instruction Set Enable bit
   264                           ;	XINST = 0x0, unprogrammed default
   265                           ;	Background Debugger Enable bit
   266                           ;	DEBUG = 0x1, unprogrammed default
   267   300006                     	org	3145734
   268   300006  81                 	db	129
   269                           
   270                           ; Padding undefined space
   271   300007                     	org	3145735
   272   300007  FF                 	db	255
   273                           
   274                           ;Config register CONFIG5L @ 0x300008
   275                           ;	unspecified, using default values
   276                           ;	Code Protection bit
   277                           ;	CP0 = 0x1, unprogrammed default
   278                           ;	Code Protection bit
   279                           ;	CP1 = 0x1, unprogrammed default
   280                           ;	Code Protection bit
   281                           ;	CP2 = 0x1, unprogrammed default
   282                           ;	Code Protection bit
   283                           ;	CP3 = 0x1, unprogrammed default
   284   300008                     	org	3145736
   285   300008  0F                 	db	15
   286                           
   287                           ;Config register CONFIG5H @ 0x300009
   288                           ;	Boot Block Code Protection bit
   289                           ;	CPB = 0x1, unprogrammed default
   290                           ;	Data EEPROM Code Protection bit
   291                           ;	CPD = OFF, Data EEPROM not code-protected
   292   300009                     	org	3145737
   293   300009  C0                 	db	192
   294                           
   295                           ;Config register CONFIG6L @ 0x30000A
   296                           ;	unspecified, using default values
   297                           ;	Write Protection bit
   298                           ;	WRT0 = 0x1, unprogrammed default
   299                           ;	Write Protection bit
   300                           ;	WRT1 = 0x1, unprogrammed default
   301                           ;	Write Protection bit
   302                           ;	WRT2 = 0x1, unprogrammed default
   303                           ;	Write Protection bit
   304                           ;	WRT3 = 0x1, unprogrammed default
   305   30000A                     	org	3145738
   306   30000A  0F                 	db	15
   307                           
   308                           ;Config register CONFIG6H @ 0x30000B
   309                           ;	unspecified, using default values
   310                           ;	Configuration Register Write Protection bit
   311                           ;	WRTC = 0x1, unprogrammed default
   312                           ;	Boot Block Write Protection bit
   313                           ;	WRTB = 0x1, unprogrammed default
   314                           ;	Data EEPROM Write Protection bit
   315                           ;	WRTD = 0x1, unprogrammed default
   316   30000B                     	org	3145739
   317   30000B  E0                 	db	224
   318                           
   319                           ;Config register CONFIG7L @ 0x30000C
   320                           ;	unspecified, using default values
   321                           ;	Table Read Protection bit
   322                           ;	EBTR0 = 0x1, unprogrammed default
   323                           ;	Table Read Protection bit
   324                           ;	EBTR1 = 0x1, unprogrammed default
   325                           ;	Table Read Protection bit
   326                           ;	EBTR2 = 0x1, unprogrammed default
   327                           ;	Table Read Protection bit
   328                           ;	EBTR3 = 0x1, unprogrammed default
   329   30000C                     	org	3145740
   330   30000C  0F                 	db	15
   331                           
   332                           ;Config register CONFIG7H @ 0x30000D
   333                           ;	unspecified, using default values
   334                           ;	Boot Block Table Read Protection bit
   335                           ;	EBTRB = 0x1, unprogrammed default
   336   30000D                     	org	3145741
   337   30000D  40                 	db	64
   338                           tosu	equ	0xFFF
   339                           tosh	equ	0xFFE
   340                           tosl	equ	0xFFD
   341                           stkptr	equ	0xFFC
   342                           pclatu	equ	0xFFB
   343                           pclath	equ	0xFFA
   344                           pcl	equ	0xFF9
   345                           tblptru	equ	0xFF8
   346                           tblptrh	equ	0xFF7
   347                           tblptrl	equ	0xFF6
   348                           tablat	equ	0xFF5
   349                           prodh	equ	0xFF4
   350                           prodl	equ	0xFF3
   351                           indf0	equ	0xFEF
   352                           postinc0	equ	0xFEE
   353                           postdec0	equ	0xFED
   354                           preinc0	equ	0xFEC
   355                           plusw0	equ	0xFEB
   356                           fsr0h	equ	0xFEA
   357                           fsr0l	equ	0xFE9
   358                           wreg	equ	0xFE8
   359                           indf1	equ	0xFE7
   360                           postinc1	equ	0xFE6
   361                           postdec1	equ	0xFE5
   362                           preinc1	equ	0xFE4
   363                           plusw1	equ	0xFE3
   364                           fsr1h	equ	0xFE2
   365                           fsr1l	equ	0xFE1
   366                           bsr	equ	0xFE0
   367                           indf2	equ	0xFDF
   368                           postinc2	equ	0xFDE
   369                           postdec2	equ	0xFDD
   370                           preinc2	equ	0xFDC
   371                           plusw2	equ	0xFDB
   372                           fsr2h	equ	0xFDA
   373                           fsr2l	equ	0xFD9
   374                           status	equ	0xFD8

Data Sizes:
    Strings     0
    Constant    0
    Data        0
    BSS         0
    Persistent  0
    Stack       0

Auto Spaces:
    Space          Size  Autos    Used
    COMRAM          127      0       0
    BANK0           128      0       0
    BANK1           256      0       0
    BANK2           256      0       0
    BANK3           256      0       0
    BANK4           256      0       0
    BANK5           256      0       0

Pointer List with Targets:

    None.

Critical Paths under _main in COMRAM

    None.

Critical Paths under _main in BANK0

    None.

Critical Paths under _main in BANK1

    None.

Critical Paths under _main in BANK2

    None.

Critical Paths under _main in BANK3

    None.

Critical Paths under _main in BANK4

    None.

Critical Paths under _main in BANK5

    None.

Call Graph Tables:

 ---------------------------------------------------------------------------------
 (Depth) Function   	        Calls       Base Space   Used Autos Params    Refs
 ---------------------------------------------------------------------------------
 (0) _main                                                 0     0      0       0
 ---------------------------------------------------------------------------------
 Estimated maximum stack depth 0
 ---------------------------------------------------------------------------------

 Call Graph Graphs:

 _main (ROOT)

 Address spaces:
Name               Size   Autos  Total    Cost      Usage
BITCOMRAM           7F      0       0       0        0.0%
EEDATA             100      0       0       0        0.0%
NULL                 0      0       0       0        0.0%
CODE                 0      0       0       0        0.0%
COMRAM              7F      0       0       1        0.0%
STACK                0      0       0       2        0.0%
DATA                 0      0       0       3        0.0%
BITBANK0            80      0       0       4        0.0%
BANK0               80      0       0       5        0.0%
BITBANK1           100      0       0       6        0.0%
BANK1              100      0       0       7        0.0%
BITBANK2           100      0       0       8        0.0%
BANK2              100      0       0       9        0.0%
BITBANK3           100      0       0      10        0.0%
BANK3              100      0       0      11        0.0%
BITBANK4           100      0       0      12        0.0%
BANK4              100      0       0      13        0.0%
BITBANK5           100      0       0      14        0.0%
BANK5              100      0       0      15        0.0%
BITBIGSFRhh         2C      0       0      16        0.0%
BITBIGSFRhl          7      0       0      17        0.0%
BITBIGSFRlh          B      0       0      18        0.0%
BITBIGSFRllh        28      0       0      19        0.0%
BITBIGSFRlllh        8      0       0      20        0.0%
BITBIGSFRllll        B      0       0      21        0.0%
ABS                  0      0       0      22        0.0%
BIGRAM             5FF      0       0      23        0.0%
BIGSFR               0      0       0     200        0.0%
BITSFR               0      0       0     200        0.0%
SFR                  0      0       0     200        0.0%


Microchip Technology PIC18 Macro Assembler V2.45 build 20230818022343 
Symbol Table                                                                                   Mon Nov 27 13:37:16 2023

                     l20 0634                       l19 0634                      l700 0604  
                    l698 0602                      _PR2 0FCB                     _LATC 0F8B  
                   _main 0602                     start 0000             ___param_bank 0000  
                  ?_main 0000                    _TRISC 0F94          __initialization 063C  
           __end_of_main 063C                   ??_main 0000            __activetblptr 0000  
                 _CCPR1L 0FBE                   isa$std 0001             __mediumconst 0000  
             __accesstop 0080  __end_of__initialization 063C            ___rparam_used 0001  
         __pcstackCOMRAM 0000                  __Hparam 0000                  __Lparam 0000  
           __psmallconst 0600                  __pcinit 063C                  __ramtop 0600  
                __ptext0 0602                _T2CONbits 0FCA     end_of_initialization 063C  
            _CCP1CONbits 0FBD      start_initialization 063C              __smallconst 0600  
               __Hrparam 0000                 __Lrparam 0000                 isa$xinst 0000  
             _OSCCONbits 0FD3  
